<?xml version="1.0" encoding="UTF-8"?>
<testsuite xmlns:xsi="http://www.w3.org/2001/XMLSchema-instance" xsi:noNamespaceSchemaLocation="https://maven.apache.org/surefire/maven-surefire-plugin/xsd/surefire-test-report.xsd" name="hello.ApplicationTest" time="7.129" tests="3" errors="0" skipped="0" failures="3">
  <properties>
[...]
</properties>
  <testcase name="homePage" classname="hello.ApplicationTest" time="0.021">
    <failure message="Response content&#10;Expected: a string containing &quot;Get your greeting&quot;&#10;     but: was &quot;&quot;" type="java.lang.AssertionError">java.lang.AssertionError: 
Response content
Expected: a string containing "Get your greeting"
     but: was ""
	at hello.ApplicationTest.homePage(ApplicationTest.java:43)
</failure>
    <system-out><![CDATA[17:35:03.925 [main] DEBUG org.springframework.test.context.junit4.SpringJUnit4ClassRunner - SpringJUnit4ClassRunner constructor called with [class hello.ApplicationTest]
17:35:03.933 [main] DEBUG org.springframework.test.context.BootstrapUtils - Instantiating CacheAwareContextLoaderDelegate from class [org.springframework.test.context.cache.DefaultCacheAwareContextLoaderDelegate]
17:35:03.945 [main] DEBUG org.springframework.test.context.BootstrapUtils - Instantiating BootstrapContext using constructor [public org.springframework.test.context.support.DefaultBootstrapContext(java.lang.Class,org.springframework.test.context.CacheAwareContextLoaderDelegate)]
17:35:03.980 [main] DEBUG org.springframework.test.context.BootstrapUtils - Instantiating TestContextBootstrapper for test class [hello.ApplicationTest] from class [org.springframework.boot.test.autoconfigure.web.servlet.WebMvcTestContextBootstrapper]
17:35:04.012 [main] INFO org.springframework.boot.test.autoconfigure.web.servlet.WebMvcTestContextBootstrapper - Neither @ContextConfiguration nor @ContextHierarchy found for test class [hello.ApplicationTest], using SpringBootContextLoader
17:35:04.026 [main] DEBUG org.springframework.test.context.support.AbstractContextLoader - Did not detect default resource location for test class [hello.ApplicationTest]: class path resource [hello/ApplicationTest-context.xml] does not exist
17:35:04.026 [main] DEBUG org.springframework.test.context.support.AbstractContextLoader - Did not detect default resource location for test class [hello.ApplicationTest]: class path resource [hello/ApplicationTestContext.groovy] does not exist
17:35:04.026 [main] INFO org.springframework.test.context.support.AbstractContextLoader - Could not detect default resource locations for test class [hello.ApplicationTest]: no resource found for suffixes {-context.xml, Context.groovy}.
17:35:04.028 [main] INFO org.springframework.test.context.support.AnnotationConfigContextLoaderUtils - Could not detect default configuration classes for test class [hello.ApplicationTest]: ApplicationTest does not declare any static, non-private, non-final, nested classes annotated with @Configuration.
17:35:04.150 [main] DEBUG org.springframework.test.context.support.ActiveProfilesUtils - Could not find an 'annotation declaring class' for annotation type [org.springframework.test.context.ActiveProfiles] and class [hello.ApplicationTest]
17:35:04.160 [main] DEBUG org.springframework.core.env.StandardEnvironment - Adding PropertySource 'systemProperties' with lowest search precedence
17:35:04.160 [main] DEBUG org.springframework.core.env.StandardEnvironment - Adding PropertySource 'systemEnvironment' with lowest search precedence
17:35:04.160 [main] DEBUG org.springframework.core.env.StandardEnvironment - Initialized StandardEnvironment with PropertySources [MapPropertySource@1908981452 {name='systemProperties', properties={java.runtime.name=Java(TM) SE Runtime Environment, sun.boot.library.path=C:\Program Files\Java\jdk1.8.0_171\jre\bin, java.vm.version=25.171-b11, java.vm.vendor=Oracle Corporation, java.vendor.url=http://java.oracle.com/, path.separator=;, java.vm.name=Java HotSpot(TM) 64-Bit Server VM, file.encoding.pkg=sun.io, user.country=ID, user.script=, sun.java.launcher=SUN_STANDARD, sun.os.patch.level=, java.vm.specification.name=Java Virtual Machine Specification, user.dir=C:\Users\DIASTOWO\Documents\STS\markethings-corp, java.runtime.version=1.8.0_171-b11, basedir=C:\Users\DIASTOWO\Documents\STS\markethings-corp, java.awt.graphicsenv=sun.awt.Win32GraphicsEnvironment, java.endorsed.dirs=C:\Program Files\Java\jdk1.8.0_171\jre\lib\endorsed, os.arch=amd64, surefire.real.class.path=C:\Users\DIASTOWO\AppData\Local\Temp\surefire748427620291139594\surefirebooter3040261357985897295.jar, java.io.tmpdir=C:\Users\DIASTOWO\AppData\Local\Temp\, line.separator=
, java.vm.specification.vendor=Oracle Corporation, user.variant=, os.name=Windows 10, sun.jnu.encoding=Cp1252, java.library.path=C:\Program Files\Java\jdk1.8.0_171\jre\bin;C:\WINDOWS\Sun\Java\bin;C:\WINDOWS\system32;C:\WINDOWS;C:\Program Files (x86)\Common Files\Oracle\Java\javapath;C:\Program Files (x86)\Intel\iCLS Client\;C:\Program Files\Intel\iCLS Client\;C:\Windows\system32;C:\Windows;C:\Windows\System32\Wbem;C:\Windows\System32\WindowsPowerShell\v1.0\;C:\Program Files (x86)\Intel\Intel(R) Management Engine Components\DAL;C:\Program Files\Intel\Intel(R) Management Engine Components\DAL;C:\Program Files (x86)\Intel\Intel(R) Management Engine Components\IPT;C:\Program Files\Intel\Intel(R) Management Engine Components\IPT;C:\Program Files (x86)\NVIDIA Corporation\PhysX\Common;C:\WINDOWS\system32;C:\WINDOWS;C:\WINDOWS\System32\Wbem;C:\WINDOWS\System32\WindowsPowerShell\v1.0\;C:\Program Files\Java\jdk1.8.0_171\\bin;C:\Program Files\Git\cmd;C:\Program Files\nodejs\;C:\Program Files\dotnet\;C:\Program Files\Maven\bin\;C:\Program Files\PostgreSQL\10\bin\;C:\Python27\;C:\Program Files (x86)\Windows Kits\8.1\Windows Performance Toolkit\;C:\Curl\AMD64\;C:\WINDOWS\System32\OpenSSH\;C:\Program Files\PostgreSQL\10\bin\;C:\PostgreSQL\pg10\bin;C:\Program Files\Java\jdk1.8.0_171\bin\;C:\Program Files (x86)\Microsoft SQL Server\140\Tools\Binn\;C:\Program Files (x86)\Microsoft SQL Server\Client SDK\ODBC\130\Tools\Binn\;C:\Program Files (x86)\Microsoft SQL Server\140\DTS\Binn\;C:\Program Files (x86)\Microsoft SQL Server\140\Tools\Binn\ManagementStudio\;C:\Program Files\Microsoft SQL Server\Client SDK\ODBC\130\Tools\Binn\;C:\Program Files\Microsoft SQL Server\140\Tools\Binn\;C:\Program Files\Microsoft SQL Server\140\DTS\Binn\;C:\Program Files\Intel\WiFi\bin\;C:\Program Files\Common Files\Intel\WirelessCommon\;C:\Ruby23\bin;C:\Users\DIASTOWO\AppData\Local\Microsoft\WindowsApps;C:\Users\DIASTOWO\AppData\Local\GitHubDesktop\bin;C:\Program Files\Heroku\bin;C:\Users\DIASTOWO\AppData\Roaming\npm;C:\Users\DIASTOWO\AppData\Local\Microsoft\WindowsApps;;., surefire.test.class.path=C:\Users\DIASTOWO\Documents\STS\markethings-corp\target\test-classes;C:\Users\DIASTOWO\Documents\STS\markethings-corp\target\classes;C:\Users\DIASTOWO\.m2\repository\org\springframework\boot\spring-boot-starter-data-jpa\2.0.0.RELEASE\spring-boot-starter-data-jpa-2.0.0.RELEASE.jar;C:\Users\DIASTOWO\.m2\repository\org\springframework\boot\spring-boot-starter\2.0.0.RELEASE\spring-boot-starter-2.0.0.RELEASE.jar;C:\Users\DIASTOWO\.m2\repository\org\springframework\boot\spring-boot-starter-logging\2.0.0.RELEASE\spring-boot-starter-logging-2.0.0.RELEASE.jar;C:\Users\DIASTOWO\.m2\repository\ch\qos\logback\logback-classic\1.2.3\logback-classic-1.2.3.jar;C:\Users\DIASTOWO\.m2\repository\ch\qos\logback\logback-core\1.2.3\logback-core-1.2.3.jar;C:\Users\DIASTOWO\.m2\repository\org\apache\logging\log4j\log4j-to-slf4j\2.10.0\log4j-to-slf4j-2.10.0.jar;C:\Users\DIASTOWO\.m2\repository\org\apache\logging\log4j\log4j-api\2.10.0\log4j-api-2.10.0.jar;C:\Users\DIASTOWO\.m2\repository\org\slf4j\jul-to-slf4j\1.7.25\jul-to-slf4j-1.7.25.jar;C:\Users\DIASTOWO\.m2\repository\javax\annotation\javax.annotation-api\1.3.2\javax.annotation-api-1.3.2.jar;C:\Users\DIASTOWO\.m2\repository\org\yaml\snakeyaml\1.19\snakeyaml-1.19.jar;C:\Users\DIASTOWO\.m2\repository\org\springframework\boot\spring-boot-starter-aop\2.0.0.RELEASE\spring-boot-starter-aop-2.0.0.RELEASE.jar;C:\Users\DIASTOWO\.m2\repository\org\aspectj\aspectjweaver\1.8.13\aspectjweaver-1.8.13.jar;C:\Users\DIASTOWO\.m2\repository\org\springframework\boot\spring-boot-starter-jdbc\2.0.0.RELEASE\spring-boot-starter-jdbc-2.0.0.RELEASE.jar;C:\Users\DIASTOWO\.m2\repository\org\springframework\spring-jdbc\5.0.4.RELEASE\spring-jdbc-5.0.4.RELEASE.jar;C:\Users\DIASTOWO\.m2\repository\org\hibernate\hibernate-core\5.2.14.Final\hibernate-core-5.2.14.Final.jar;C:\Users\DIASTOWO\.m2\repository\org\jboss\logging\jboss-logging\3.3.2.Final\jboss-logging-3.3.2.Final.jar;C:\Users\DIASTOWO\.m2\repository\org\hibernate\javax\persistence\hibernate-jpa-2.1-api\1.0.0.Final\hibernate-jpa-2.1-api-1.0.0.Final.jar;C:\Users\DIASTOWO\.m2\repository\org\javassist\javassist\3.22.0-GA\javassist-3.22.0-GA.jar;C:\Users\DIASTOWO\.m2\repository\antlr\antlr\2.7.7\antlr-2.7.7.jar;C:\Users\DIASTOWO\.m2\repository\org\jboss\jandex\2.0.3.Final\jandex-2.0.3.Final.jar;C:\Users\DIASTOWO\.m2\repository\com\fasterxml\classmate\1.3.4\classmate-1.3.4.jar;C:\Users\DIASTOWO\.m2\repository\dom4j\dom4j\1.6.1\dom4j-1.6.1.jar;C:\Users\DIASTOWO\.m2\repository\org\hibernate\common\hibernate-commons-annotations\5.0.1.Final\hibernate-commons-annotations-5.0.1.Final.jar;C:\Users\DIASTOWO\.m2\repository\javax\transaction\javax.transaction-api\1.2\javax.transaction-api-1.2.jar;C:\Users\DIASTOWO\.m2\repository\org\springframework\data\spring-data-jpa\2.0.5.RELEASE\spring-data-jpa-2.0.5.RELEASE.jar;C:\Users\DIASTOWO\.m2\repository\org\springframework\data\spring-data-commons\2.0.5.RELEASE\spring-data-commons-2.0.5.RELEASE.jar;C:\Users\DIASTOWO\.m2\repository\org\springframework\spring-orm\5.0.4.RELEASE\spring-orm-5.0.4.RELEASE.jar;C:\Users\DIASTOWO\.m2\repository\org\springframework\spring-context\5.0.4.RELEASE\spring-context-5.0.4.RELEASE.jar;C:\Users\DIASTOWO\.m2\repository\org\springframework\spring-tx\5.0.4.RELEASE\spring-tx-5.0.4.RELEASE.jar;C:\Users\DIASTOWO\.m2\repository\org\springframework\spring-beans\5.0.4.RELEASE\spring-beans-5.0.4.RELEASE.jar;C:\Users\DIASTOWO\.m2\repository\org\springframework\spring-aspects\5.0.4.RELEASE\spring-aspects-5.0.4.RELEASE.jar;C:\Users\DIASTOWO\.m2\repository\org\postgresql\postgresql\42.2.1\postgresql-42.2.1.jar;C:\Users\DIASTOWO\.m2\repository\org\springframework\boot\spring-boot-starter-web\2.0.0.RELEASE\spring-boot-starter-web-2.0.0.RELEASE.jar;C:\Users\DIASTOWO\.m2\repository\org\springframework\boot\spring-boot-starter-json\2.0.0.RELEASE\spring-boot-starter-json-2.0.0.RELEASE.jar;C:\Users\DIASTOWO\.m2\repository\com\fasterxml\jackson\core\jackson-databind\2.9.4\jackson-databind-2.9.4.jar;C:\Users\DIASTOWO\.m2\repository\com\fasterxml\jackson\core\jackson-annotations\2.9.0\jackson-annotations-2.9.0.jar;C:\Users\DIASTOWO\.m2\repository\com\fasterxml\jackson\core\jackson-core\2.9.4\jackson-core-2.9.4.jar;C:\Users\DIASTOWO\.m2\repository\com\fasterxml\jackson\datatype\jackson-datatype-jdk8\2.9.4\jackson-datatype-jdk8-2.9.4.jar;C:\Users\DIASTOWO\.m2\repository\com\fasterxml\jackson\datatype\jackson-datatype-jsr310\2.9.4\jackson-datatype-jsr310-2.9.4.jar;C:\Users\DIASTOWO\.m2\repository\com\fasterxml\jackson\module\jackson-module-parameter-names\2.9.4\jackson-module-parameter-names-2.9.4.jar;C:\Users\DIASTOWO\.m2\repository\org\springframework\boot\spring-boot-starter-tomcat\2.0.0.RELEASE\spring-boot-starter-tomcat-2.0.0.RELEASE.jar;C:\Users\DIASTOWO\.m2\repository\org\apache\tomcat\embed\tomcat-embed-core\8.5.28\tomcat-embed-core-8.5.28.jar;C:\Users\DIASTOWO\.m2\repository\org\apache\tomcat\embed\tomcat-embed-el\8.5.28\tomcat-embed-el-8.5.28.jar;C:\Users\DIASTOWO\.m2\repository\org\apache\tomcat\embed\tomcat-embed-websocket\8.5.28\tomcat-embed-websocket-8.5.28.jar;C:\Users\DIASTOWO\.m2\repository\org\hibernate\validator\hibernate-validator\6.0.7.Final\hibernate-validator-6.0.7.Final.jar;C:\Users\DIASTOWO\.m2\repository\javax\validation\validation-api\2.0.1.Final\validation-api-2.0.1.Final.jar;C:\Users\DIASTOWO\.m2\repository\org\springframework\spring-web\5.0.4.RELEASE\spring-web-5.0.4.RELEASE.jar;C:\Users\DIASTOWO\.m2\repository\org\springframework\spring-webmvc\5.0.4.RELEASE\spring-webmvc-5.0.4.RELEASE.jar;C:\Users\DIASTOWO\.m2\repository\org\springframework\spring-expression\5.0.4.RELEASE\spring-expression-5.0.4.RELEASE.jar;C:\Users\DIASTOWO\.m2\repository\org\springframework\boot\spring-boot-starter-thymeleaf\2.0.0.RELEASE\spring-boot-starter-thymeleaf-2.0.0.RELEASE.jar;C:\Users\DIASTOWO\.m2\repository\org\thymeleaf\thymeleaf-spring5\3.0.9.RELEASE\thymeleaf-spring5-3.0.9.RELEASE.jar;C:\Users\DIASTOWO\.m2\repository\org\thymeleaf\thymeleaf\3.0.9.RELEASE\thymeleaf-3.0.9.RELEASE.jar;C:\Users\DIASTOWO\.m2\repository\org\attoparser\attoparser\2.0.4.RELEASE\attoparser-2.0.4.RELEASE.jar;C:\Users\DIASTOWO\.m2\repository\org\unbescape\unbescape\1.1.5.RELEASE\unbescape-1.1.5.RELEASE.jar;C:\Users\DIASTOWO\.m2\repository\org\thymeleaf\extras\thymeleaf-extras-java8time\3.0.1.RELEASE\thymeleaf-extras-java8time-3.0.1.RELEASE.jar;C:\Users\DIASTOWO\.m2\repository\org\springframework\boot\spring-boot-devtools\2.0.0.RELEASE\spring-boot-devtools-2.0.0.RELEASE.jar;C:\Users\DIASTOWO\.m2\repository\org\springframework\boot\spring-boot\2.0.0.RELEASE\spring-boot-2.0.0.RELEASE.jar;C:\Users\DIASTOWO\.m2\repository\org\springframework\boot\spring-boot-autoconfigure\2.0.0.RELEASE\spring-boot-autoconfigure-2.0.0.RELEASE.jar;C:\Users\DIASTOWO\.m2\repository\org\springframework\boot\spring-boot-starter-test\2.0.0.RELEASE\spring-boot-starter-test-2.0.0.RELEASE.jar;C:\Users\DIASTOWO\.m2\repository\org\springframework\boot\spring-boot-test\2.0.0.RELEASE\spring-boot-test-2.0.0.RELEASE.jar;C:\Users\DIASTOWO\.m2\repository\org\springframework\boot\spring-boot-test-autoconfigure\2.0.0.RELEASE\spring-boot-test-autoconfigure-2.0.0.RELEASE.jar;C:\Users\DIASTOWO\.m2\repository\com\jayway\jsonpath\json-path\2.4.0\json-path-2.4.0.jar;C:\Users\DIASTOWO\.m2\repository\net\minidev\json-smart\2.3\json-smart-2.3.jar;C:\Users\DIASTOWO\.m2\repository\net\minidev\accessors-smart\1.2\accessors-smart-1.2.jar;C:\Users\DIASTOWO\.m2\repository\junit\junit\4.12\junit-4.12.jar;C:\Users\DIASTOWO\.m2\repository\org\assertj\assertj-core\3.9.1\assertj-core-3.9.1.jar;C:\Users\DIASTOWO\.m2\repository\org\mockito\mockito-core\2.15.0\mockito-core-2.15.0.jar;C:\Users\DIASTOWO\.m2\repository\net\bytebuddy\byte-buddy\1.7.10\byte-buddy-1.7.10.jar;C:\Users\DIASTOWO\.m2\repository\net\bytebuddy\byte-buddy-agent\1.7.10\byte-buddy-agent-1.7.10.jar;C:\Users\DIASTOWO\.m2\repository\org\objenesis\objenesis\2.6\objenesis-2.6.jar;C:\Users\DIASTOWO\.m2\repository\org\hamcrest\hamcrest-core\1.3\hamcrest-core-1.3.jar;C:\Users\DIASTOWO\.m2\repository\org\hamcrest\hamcrest-library\1.3\hamcrest-library-1.3.jar;C:\Users\DIASTOWO\.m2\repository\org\skyscreamer\jsonassert\1.5.0\jsonassert-1.5.0.jar;C:\Users\DIASTOWO\.m2\repository\com\vaadin\external\google\android-json\0.0.20131108.vaadin1\android-json-0.0.20131108.vaadin1.jar;C:\Users\DIASTOWO\.m2\repository\org\springframework\spring-core\5.0.4.RELEASE\spring-core-5.0.4.RELEASE.jar;C:\Users\DIASTOWO\.m2\repository\org\springframework\spring-jcl\5.0.4.RELEASE\spring-jcl-5.0.4.RELEASE.jar;C:\Users\DIASTOWO\.m2\repository\org\springframework\spring-test\5.0.4.RELEASE\spring-test-5.0.4.RELEASE.jar;C:\Users\DIASTOWO\.m2\repository\org\xmlunit\xmlunit-core\2.5.1\xmlunit-core-2.5.1.jar;C:\Users\DIASTOWO\.m2\repository\org\springframework\boot\spring-boot-starter-jetty\2.0.0.RELEASE\spring-boot-starter-jetty-2.0.0.RELEASE.jar;C:\Users\DIASTOWO\.m2\repository\org\eclipse\jetty\jetty-servlets\9.4.11.v20180605\jetty-servlets-9.4.11.v20180605.jar;C:\Users\DIASTOWO\.m2\repository\org\eclipse\jetty\jetty-continuation\9.4.11.v20180605\jetty-continuation-9.4.11.v20180605.jar;C:\Users\DIASTOWO\.m2\repository\org\eclipse\jetty\jetty-http\9.4.11.v20180605\jetty-http-9.4.11.v20180605.jar;C:\Users\DIASTOWO\.m2\repository\org\eclipse\jetty\jetty-util\9.4.11.v20180605\jetty-util-9.4.11.v20180605.jar;C:\Users\DIASTOWO\.m2\repository\org\eclipse\jetty\jetty-io\9.4.11.v20180605\jetty-io-9.4.11.v20180605.jar;C:\Users\DIASTOWO\.m2\repository\org\eclipse\jetty\jetty-webapp\9.4.11.v20180605\jetty-webapp-9.4.11.v20180605.jar;C:\Users\DIASTOWO\.m2\repository\org\eclipse\jetty\jetty-xml\9.4.11.v20180605\jetty-xml-9.4.11.v20180605.jar;C:\Users\DIASTOWO\.m2\repository\org\eclipse\jetty\jetty-servlet\9.4.11.v20180605\jetty-servlet-9.4.11.v20180605.jar;C:\Users\DIASTOWO\.m2\repository\org\eclipse\jetty\jetty-security\9.4.11.v20180605\jetty-security-9.4.11.v20180605.jar;C:\Users\DIASTOWO\.m2\repository\org\eclipse\jetty\jetty-server\9.4.11.v20180605\jetty-server-9.4.11.v20180605.jar;C:\Users\DIASTOWO\.m2\repository\org\eclipse\jetty\websocket\websocket-server\9.4.11.v20180605\websocket-server-9.4.11.v20180605.jar;C:\Users\DIASTOWO\.m2\repository\org\eclipse\jetty\websocket\websocket-common\9.4.11.v20180605\websocket-common-9.4.11.v20180605.jar;C:\Users\DIASTOWO\.m2\repository\org\eclipse\jetty\websocket\websocket-api\9.4.11.v20180605\websocket-api-9.4.11.v20180605.jar;C:\Users\DIASTOWO\.m2\repository\org\eclipse\jetty\websocket\websocket-client\9.4.11.v20180605\websocket-client-9.4.11.v20180605.jar;C:\Users\DIASTOWO\.m2\repository\org\eclipse\jetty\jetty-client\9.4.11.v20180605\jetty-client-9.4.11.v20180605.jar;C:\Users\DIASTOWO\.m2\repository\org\eclipse\jetty\websocket\websocket-servlet\9.4.11.v20180605\websocket-servlet-9.4.11.v20180605.jar;C:\Users\DIASTOWO\.m2\repository\javax\servlet\javax.servlet-api\3.1.0\javax.servlet-api-3.1.0.jar;C:\Users\DIASTOWO\.m2\repository\org\eclipse\jetty\websocket\javax-websocket-server-impl\9.4.11.v20180605\javax-websocket-server-impl-9.4.11.v20180605.jar;C:\Users\DIASTOWO\.m2\repository\org\eclipse\jetty\jetty-annotations\9.4.11.v20180605\jetty-annotations-9.4.11.v20180605.jar;C:\Users\DIASTOWO\.m2\repository\org\eclipse\jetty\jetty-plus\9.4.11.v20180605\jetty-plus-9.4.11.v20180605.jar;C:\Users\DIASTOWO\.m2\repository\org\ow2\asm\asm\6.2\asm-6.2.jar;C:\Users\DIASTOWO\.m2\repository\org\ow2\asm\asm-commons\6.2\asm-commons-6.2.jar;C:\Users\DIASTOWO\.m2\repository\org\ow2\asm\asm-tree\6.2\asm-tree-6.2.jar;C:\Users\DIASTOWO\.m2\repository\org\ow2\asm\asm-analysis\6.2\asm-analysis-6.2.jar;C:\Users\DIASTOWO\.m2\repository\org\eclipse\jetty\websocket\javax-websocket-client-impl\9.4.11.v20180605\javax-websocket-client-impl-9.4.11.v20180605.jar;C:\Users\DIASTOWO\.m2\repository\javax\websocket\javax.websocket-api\1.0\javax.websocket-api-1.0.jar;C:\Users\DIASTOWO\.m2\repository\org\mortbay\jasper\apache-el\8.5.24.2\apache-el-8.5.24.2.jar;C:\Users\DIASTOWO\.m2\repository\com\zaxxer\HikariCP\2.7.8\HikariCP-2.7.8.jar;C:\Users\DIASTOWO\.m2\repository\org\slf4j\slf4j-api\1.7.25\slf4j-api-1.7.25.jar;C:\Users\DIASTOWO\.m2\repository\org\springframework\boot\spring-boot-starter-security\2.0.0.RELEASE\spring-boot-starter-security-2.0.0.RELEASE.jar;C:\Users\DIASTOWO\.m2\repository\org\springframework\spring-aop\5.0.4.RELEASE\spring-aop-5.0.4.RELEASE.jar;C:\Users\DIASTOWO\.m2\repository\org\springframework\security\spring-security-config\5.0.3.RELEASE\spring-security-config-5.0.3.RELEASE.jar;C:\Users\DIASTOWO\.m2\repository\org\springframework\security\spring-security-core\5.0.3.RELEASE\spring-security-core-5.0.3.RELEASE.jar;C:\Users\DIASTOWO\.m2\repository\org\springframework\security\spring-security-web\5.0.3.RELEASE\spring-security-web-5.0.3.RELEASE.jar;, java.specification.name=Java Platform API Specification, java.class.version=52.0, sun.management.compiler=HotSpot 64-Bit Tiered Compilers, os.version=10.0, user.home=C:\Users\DIASTOWO, user.timezone=Asia/Bangkok, java.awt.printerjob=sun.awt.windows.WPrinterJob, file.encoding=Cp1252, java.specification.version=1.8, java.class.path=C:\Users\DIASTOWO\Documents\STS\markethings-corp\target\test-classes;C:\Users\DIASTOWO\Documents\STS\markethings-corp\target\classes;C:\Users\DIASTOWO\.m2\repository\org\springframework\boot\spring-boot-starter-data-jpa\2.0.0.RELEASE\spring-boot-starter-data-jpa-2.0.0.RELEASE.jar;C:\Users\DIASTOWO\.m2\repository\org\springframework\boot\spring-boot-starter\2.0.0.RELEASE\spring-boot-starter-2.0.0.RELEASE.jar;C:\Users\DIASTOWO\.m2\repository\org\springframework\boot\spring-boot-starter-logging\2.0.0.RELEASE\spring-boot-starter-logging-2.0.0.RELEASE.jar;C:\Users\DIASTOWO\.m2\repository\ch\qos\logback\logback-classic\1.2.3\logback-classic-1.2.3.jar;C:\Users\DIASTOWO\.m2\repository\ch\qos\logback\logback-core\1.2.3\logback-core-1.2.3.jar;C:\Users\DIASTOWO\.m2\repository\org\apache\logging\log4j\log4j-to-slf4j\2.10.0\log4j-to-slf4j-2.10.0.jar;C:\Users\DIASTOWO\.m2\repository\org\apache\logging\log4j\log4j-api\2.10.0\log4j-api-2.10.0.jar;C:\Users\DIASTOWO\.m2\repository\org\slf4j\jul-to-slf4j\1.7.25\jul-to-slf4j-1.7.25.jar;C:\Users\DIASTOWO\.m2\repository\javax\annotation\javax.annotation-api\1.3.2\javax.annotation-api-1.3.2.jar;C:\Users\DIASTOWO\.m2\repository\org\yaml\snakeyaml\1.19\snakeyaml-1.19.jar;C:\Users\DIASTOWO\.m2\repository\org\springframework\boot\spring-boot-starter-aop\2.0.0.RELEASE\spring-boot-starter-aop-2.0.0.RELEASE.jar;C:\Users\DIASTOWO\.m2\repository\org\aspectj\aspectjweaver\1.8.13\aspectjweaver-1.8.13.jar;C:\Users\DIASTOWO\.m2\repository\org\springframework\boot\spring-boot-starter-jdbc\2.0.0.RELEASE\spring-boot-starter-jdbc-2.0.0.RELEASE.jar;C:\Users\DIASTOWO\.m2\repository\org\springframework\spring-jdbc\5.0.4.RELEASE\spring-jdbc-5.0.4.RELEASE.jar;C:\Users\DIASTOWO\.m2\repository\org\hibernate\hibernate-core\5.2.14.Final\hibernate-core-5.2.14.Final.jar;C:\Users\DIASTOWO\.m2\repository\org\jboss\logging\jboss-logging\3.3.2.Final\jboss-logging-3.3.2.Final.jar;C:\Users\DIASTOWO\.m2\repository\org\hibernate\javax\persistence\hibernate-jpa-2.1-api\1.0.0.Final\hibernate-jpa-2.1-api-1.0.0.Final.jar;C:\Users\DIASTOWO\.m2\repository\org\javassist\javassist\3.22.0-GA\javassist-3.22.0-GA.jar;C:\Users\DIASTOWO\.m2\repository\antlr\antlr\2.7.7\antlr-2.7.7.jar;C:\Users\DIASTOWO\.m2\repository\org\jboss\jandex\2.0.3.Final\jandex-2.0.3.Final.jar;C:\Users\DIASTOWO\.m2\repository\com\fasterxml\classmate\1.3.4\classmate-1.3.4.jar;C:\Users\DIASTOWO\.m2\repository\dom4j\dom4j\1.6.1\dom4j-1.6.1.jar;C:\Users\DIASTOWO\.m2\repository\org\hibernate\common\hibernate-commons-annotations\5.0.1.Final\hibernate-commons-annotations-5.0.1.Final.jar;C:\Users\DIASTOWO\.m2\repository\javax\transaction\javax.transaction-api\1.2\javax.transaction-api-1.2.jar;C:\Users\DIASTOWO\.m2\repository\org\springframework\data\spring-data-jpa\2.0.5.RELEASE\spring-data-jpa-2.0.5.RELEASE.jar;C:\Users\DIASTOWO\.m2\repository\org\springframework\data\spring-data-commons\2.0.5.RELEASE\spring-data-commons-2.0.5.RELEASE.jar;C:\Users\DIASTOWO\.m2\repository\org\springframework\spring-orm\5.0.4.RELEASE\spring-orm-5.0.4.RELEASE.jar;C:\Users\DIASTOWO\.m2\repository\org\springframework\spring-context\5.0.4.RELEASE\spring-context-5.0.4.RELEASE.jar;C:\Users\DIASTOWO\.m2\repository\org\springframework\spring-tx\5.0.4.RELEASE\spring-tx-5.0.4.RELEASE.jar;C:\Users\DIASTOWO\.m2\repository\org\springframework\spring-beans\5.0.4.RELEASE\spring-beans-5.0.4.RELEASE.jar;C:\Users\DIASTOWO\.m2\repository\org\springframework\spring-aspects\5.0.4.RELEASE\spring-aspects-5.0.4.RELEASE.jar;C:\Users\DIASTOWO\.m2\repository\org\postgresql\postgresql\42.2.1\postgresql-42.2.1.jar;C:\Users\DIASTOWO\.m2\repository\org\springframework\boot\spring-boot-starter-web\2.0.0.RELEASE\spring-boot-starter-web-2.0.0.RELEASE.jar;C:\Users\DIASTOWO\.m2\repository\org\springframework\boot\spring-boot-starter-json\2.0.0.RELEASE\spring-boot-starter-json-2.0.0.RELEASE.jar;C:\Users\DIASTOWO\.m2\repository\com\fasterxml\jackson\core\jackson-databind\2.9.4\jackson-databind-2.9.4.jar;C:\Users\DIASTOWO\.m2\repository\com\fasterxml\jackson\core\jackson-annotations\2.9.0\jackson-annotations-2.9.0.jar;C:\Users\DIASTOWO\.m2\repository\com\fasterxml\jackson\core\jackson-core\2.9.4\jackson-core-2.9.4.jar;C:\Users\DIASTOWO\.m2\repository\com\fasterxml\jackson\datatype\jackson-datatype-jdk8\2.9.4\jackson-datatype-jdk8-2.9.4.jar;C:\Users\DIASTOWO\.m2\repository\com\fasterxml\jackson\datatype\jackson-datatype-jsr310\2.9.4\jackson-datatype-jsr310-2.9.4.jar;C:\Users\DIASTOWO\.m2\repository\com\fasterxml\jackson\module\jackson-module-parameter-names\2.9.4\jackson-module-parameter-names-2.9.4.jar;C:\Users\DIASTOWO\.m2\repository\org\springframework\boot\spring-boot-starter-tomcat\2.0.0.RELEASE\spring-boot-starter-tomcat-2.0.0.RELEASE.jar;C:\Users\DIASTOWO\.m2\repository\org\apache\tomcat\embed\tomcat-embed-core\8.5.28\tomcat-embed-core-8.5.28.jar;C:\Users\DIASTOWO\.m2\repository\org\apache\tomcat\embed\tomcat-embed-el\8.5.28\tomcat-embed-el-8.5.28.jar;C:\Users\DIASTOWO\.m2\repository\org\apache\tomcat\embed\tomcat-embed-websocket\8.5.28\tomcat-embed-websocket-8.5.28.jar;C:\Users\DIASTOWO\.m2\repository\org\hibernate\validator\hibernate-validator\6.0.7.Final\hibernate-validator-6.0.7.Final.jar;C:\Users\DIASTOWO\.m2\repository\javax\validation\validation-api\2.0.1.Final\validation-api-2.0.1.Final.jar;C:\Users\DIASTOWO\.m2\repository\org\springframework\spring-web\5.0.4.RELEASE\spring-web-5.0.4.RELEASE.jar;C:\Users\DIASTOWO\.m2\repository\org\springframework\spring-webmvc\5.0.4.RELEASE\spring-webmvc-5.0.4.RELEASE.jar;C:\Users\DIASTOWO\.m2\repository\org\springframework\spring-expression\5.0.4.RELEASE\spring-expression-5.0.4.RELEASE.jar;C:\Users\DIASTOWO\.m2\repository\org\springframework\boot\spring-boot-starter-thymeleaf\2.0.0.RELEASE\spring-boot-starter-thymeleaf-2.0.0.RELEASE.jar;C:\Users\DIASTOWO\.m2\repository\org\thymeleaf\thymeleaf-spring5\3.0.9.RELEASE\thymeleaf-spring5-3.0.9.RELEASE.jar;C:\Users\DIASTOWO\.m2\repository\org\thymeleaf\thymeleaf\3.0.9.RELEASE\thymeleaf-3.0.9.RELEASE.jar;C:\Users\DIASTOWO\.m2\repository\org\attoparser\attoparser\2.0.4.RELEASE\attoparser-2.0.4.RELEASE.jar;C:\Users\DIASTOWO\.m2\repository\org\unbescape\unbescape\1.1.5.RELEASE\unbescape-1.1.5.RELEASE.jar;C:\Users\DIASTOWO\.m2\repository\org\thymeleaf\extras\thymeleaf-extras-java8time\3.0.1.RELEASE\thymeleaf-extras-java8time-3.0.1.RELEASE.jar;C:\Users\DIASTOWO\.m2\repository\org\springframework\boot\spring-boot-devtools\2.0.0.RELEASE\spring-boot-devtools-2.0.0.RELEASE.jar;C:\Users\DIASTOWO\.m2\repository\org\springframework\boot\spring-boot\2.0.0.RELEASE\spring-boot-2.0.0.RELEASE.jar;C:\Users\DIASTOWO\.m2\repository\org\springframework\boot\spring-boot-autoconfigure\2.0.0.RELEASE\spring-boot-autoconfigure-2.0.0.RELEASE.jar;C:\Users\DIASTOWO\.m2\repository\org\springframework\boot\spring-boot-starter-test\2.0.0.RELEASE\spring-boot-starter-test-2.0.0.RELEASE.jar;C:\Users\DIASTOWO\.m2\repository\org\springframework\boot\spring-boot-test\2.0.0.RELEASE\spring-boot-test-2.0.0.RELEASE.jar;C:\Users\DIASTOWO\.m2\repository\org\springframework\boot\spring-boot-test-autoconfigure\2.0.0.RELEASE\spring-boot-test-autoconfigure-2.0.0.RELEASE.jar;C:\Users\DIASTOWO\.m2\repository\com\jayway\jsonpath\json-path\2.4.0\json-path-2.4.0.jar;C:\Users\DIASTOWO\.m2\repository\net\minidev\json-smart\2.3\json-smart-2.3.jar;C:\Users\DIASTOWO\.m2\repository\net\minidev\accessors-smart\1.2\accessors-smart-1.2.jar;C:\Users\DIASTOWO\.m2\repository\junit\junit\4.12\junit-4.12.jar;C:\Users\DIASTOWO\.m2\repository\org\assertj\assertj-core\3.9.1\assertj-core-3.9.1.jar;C:\Users\DIASTOWO\.m2\repository\org\mockito\mockito-core\2.15.0\mockito-core-2.15.0.jar;C:\Users\DIASTOWO\.m2\repository\net\bytebuddy\byte-buddy\1.7.10\byte-buddy-1.7.10.jar;C:\Users\DIASTOWO\.m2\repository\net\bytebuddy\byte-buddy-agent\1.7.10\byte-buddy-agent-1.7.10.jar;C:\Users\DIASTOWO\.m2\repository\org\objenesis\objenesis\2.6\objenesis-2.6.jar;C:\Users\DIASTOWO\.m2\repository\org\hamcrest\hamcrest-core\1.3\hamcrest-core-1.3.jar;C:\Users\DIASTOWO\.m2\repository\org\hamcrest\hamcrest-library\1.3\hamcrest-library-1.3.jar;C:\Users\DIASTOWO\.m2\repository\org\skyscreamer\jsonassert\1.5.0\jsonassert-1.5.0.jar;C:\Users\DIASTOWO\.m2\repository\com\vaadin\external\google\android-json\0.0.20131108.vaadin1\android-json-0.0.20131108.vaadin1.jar;C:\Users\DIASTOWO\.m2\repository\org\springframework\spring-core\5.0.4.RELEASE\spring-core-5.0.4.RELEASE.jar;C:\Users\DIASTOWO\.m2\repository\org\springframework\spring-jcl\5.0.4.RELEASE\spring-jcl-5.0.4.RELEASE.jar;C:\Users\DIASTOWO\.m2\repository\org\springframework\spring-test\5.0.4.RELEASE\spring-test-5.0.4.RELEASE.jar;C:\Users\DIASTOWO\.m2\repository\org\xmlunit\xmlunit-core\2.5.1\xmlunit-core-2.5.1.jar;C:\Users\DIASTOWO\.m2\repository\org\springframework\boot\spring-boot-starter-jetty\2.0.0.RELEASE\spring-boot-starter-jetty-2.0.0.RELEASE.jar;C:\Users\DIASTOWO\.m2\repository\org\eclipse\jetty\jetty-servlets\9.4.11.v20180605\jetty-servlets-9.4.11.v20180605.jar;C:\Users\DIASTOWO\.m2\repository\org\eclipse\jetty\jetty-continuation\9.4.11.v20180605\jetty-continuation-9.4.11.v20180605.jar;C:\Users\DIASTOWO\.m2\repository\org\eclipse\jetty\jetty-http\9.4.11.v20180605\jetty-http-9.4.11.v20180605.jar;C:\Users\DIASTOWO\.m2\repository\org\eclipse\jetty\jetty-util\9.4.11.v20180605\jetty-util-9.4.11.v20180605.jar;C:\Users\DIASTOWO\.m2\repository\org\eclipse\jetty\jetty-io\9.4.11.v20180605\jetty-io-9.4.11.v20180605.jar;C:\Users\DIASTOWO\.m2\repository\org\eclipse\jetty\jetty-webapp\9.4.11.v20180605\jetty-webapp-9.4.11.v20180605.jar;C:\Users\DIASTOWO\.m2\repository\org\eclipse\jetty\jetty-xml\9.4.11.v20180605\jetty-xml-9.4.11.v20180605.jar;C:\Users\DIASTOWO\.m2\repository\org\eclipse\jetty\jetty-servlet\9.4.11.v20180605\jetty-servlet-9.4.11.v20180605.jar;C:\Users\DIASTOWO\.m2\repository\org\eclipse\jetty\jetty-security\9.4.11.v20180605\jetty-security-9.4.11.v20180605.jar;C:\Users\DIASTOWO\.m2\repository\org\eclipse\jetty\jetty-server\9.4.11.v20180605\jetty-server-9.4.11.v20180605.jar;C:\Users\DIASTOWO\.m2\repository\org\eclipse\jetty\websocket\websocket-server\9.4.11.v20180605\websocket-server-9.4.11.v20180605.jar;C:\Users\DIASTOWO\.m2\repository\org\eclipse\jetty\websocket\websocket-common\9.4.11.v20180605\websocket-common-9.4.11.v20180605.jar;C:\Users\DIASTOWO\.m2\repository\org\eclipse\jetty\websocket\websocket-api\9.4.11.v20180605\websocket-api-9.4.11.v20180605.jar;C:\Users\DIASTOWO\.m2\repository\org\eclipse\jetty\websocket\websocket-client\9.4.11.v20180605\websocket-client-9.4.11.v20180605.jar;C:\Users\DIASTOWO\.m2\repository\org\eclipse\jetty\jetty-client\9.4.11.v20180605\jetty-client-9.4.11.v20180605.jar;C:\Users\DIASTOWO\.m2\repository\org\eclipse\jetty\websocket\websocket-servlet\9.4.11.v20180605\websocket-servlet-9.4.11.v20180605.jar;C:\Users\DIASTOWO\.m2\repository\javax\servlet\javax.servlet-api\3.1.0\javax.servlet-api-3.1.0.jar;C:\Users\DIASTOWO\.m2\repository\org\eclipse\jetty\websocket\javax-websocket-server-impl\9.4.11.v20180605\javax-websocket-server-impl-9.4.11.v20180605.jar;C:\Users\DIASTOWO\.m2\repository\org\eclipse\jetty\jetty-annotations\9.4.11.v20180605\jetty-annotations-9.4.11.v20180605.jar;C:\Users\DIASTOWO\.m2\repository\org\eclipse\jetty\jetty-plus\9.4.11.v20180605\jetty-plus-9.4.11.v20180605.jar;C:\Users\DIASTOWO\.m2\repository\org\ow2\asm\asm\6.2\asm-6.2.jar;C:\Users\DIASTOWO\.m2\repository\org\ow2\asm\asm-commons\6.2\asm-commons-6.2.jar;C:\Users\DIASTOWO\.m2\repository\org\ow2\asm\asm-tree\6.2\asm-tree-6.2.jar;C:\Users\DIASTOWO\.m2\repository\org\ow2\asm\asm-analysis\6.2\asm-analysis-6.2.jar;C:\Users\DIASTOWO\.m2\repository\org\eclipse\jetty\websocket\javax-websocket-client-impl\9.4.11.v20180605\javax-websocket-client-impl-9.4.11.v20180605.jar;C:\Users\DIASTOWO\.m2\repository\javax\websocket\javax.websocket-api\1.0\javax.websocket-api-1.0.jar;C:\Users\DIASTOWO\.m2\repository\org\mortbay\jasper\apache-el\8.5.24.2\apache-el-8.5.24.2.jar;C:\Users\DIASTOWO\.m2\repository\com\zaxxer\HikariCP\2.7.8\HikariCP-2.7.8.jar;C:\Users\DIASTOWO\.m2\repository\org\slf4j\slf4j-api\1.7.25\slf4j-api-1.7.25.jar;C:\Users\DIASTOWO\.m2\repository\org\springframework\boot\spring-boot-starter-security\2.0.0.RELEASE\spring-boot-starter-security-2.0.0.RELEASE.jar;C:\Users\DIASTOWO\.m2\repository\org\springframework\spring-aop\5.0.4.RELEASE\spring-aop-5.0.4.RELEASE.jar;C:\Users\DIASTOWO\.m2\repository\org\springframework\security\spring-security-config\5.0.3.RELEASE\spring-security-config-5.0.3.RELEASE.jar;C:\Users\DIASTOWO\.m2\repository\org\springframework\security\spring-security-core\5.0.3.RELEASE\spring-security-core-5.0.3.RELEASE.jar;C:\Users\DIASTOWO\.m2\repository\org\springframework\security\spring-security-web\5.0.3.RELEASE\spring-security-web-5.0.3.RELEASE.jar;, user.name=DIASTOWO, java.vm.specification.version=1.8, sun.java.command=C:\Users\DIASTOWO\AppData\Local\Temp\surefire748427620291139594\surefirebooter3040261357985897295.jar C:\Users\DIASTOWO\AppData\Local\Temp\surefire748427620291139594 2018-08-09T17-35-02_901-jvmRun1 surefire6492146616515749336tmp surefire_07223570501765276636tmp, java.home=C:\Program Files\Java\jdk1.8.0_171\jre, sun.arch.data.model=64, user.language=en, java.specification.vendor=Oracle Corporation, awt.toolkit=sun.awt.windows.WToolkit, java.vm.info=mixed mode, java.version=1.8.0_171, java.ext.dirs=C:\Program Files\Java\jdk1.8.0_171\jre\lib\ext;C:\WINDOWS\Sun\Java\lib\ext, sun.boot.class.path=C:\Program Files\Java\jdk1.8.0_171\jre\lib\resources.jar;C:\Program Files\Java\jdk1.8.0_171\jre\lib\rt.jar;C:\Program Files\Java\jdk1.8.0_171\jre\lib\sunrsasign.jar;C:\Program Files\Java\jdk1.8.0_171\jre\lib\jsse.jar;C:\Program Files\Java\jdk1.8.0_171\jre\lib\jce.jar;C:\Program Files\Java\jdk1.8.0_171\jre\lib\charsets.jar;C:\Program Files\Java\jdk1.8.0_171\jre\lib\jfr.jar;C:\Program Files\Java\jdk1.8.0_171\jre\classes, java.vendor=Oracle Corporation, localRepository=C:\Users\DIASTOWO\.m2\repository, file.separator=\, java.vendor.url.bug=http://bugreport.sun.com/bugreport/, sun.io.unicode.encoding=UnicodeLittle, sun.cpu.endian=little, sun.desktop=windows, sun.cpu.isalist=amd64}}, SystemEnvironmentPropertySource@433287555 {name='systemEnvironment', properties={PATH=C:\Program Files (x86)\Common Files\Oracle\Java\javapath;C:\Program Files (x86)\Intel\iCLS Client\;C:\Program Files\Intel\iCLS Client\;C:\Windows\system32;C:\Windows;C:\Windows\System32\Wbem;C:\Windows\System32\WindowsPowerShell\v1.0\;C:\Program Files (x86)\Intel\Intel(R) Management Engine Components\DAL;C:\Program Files\Intel\Intel(R) Management Engine Components\DAL;C:\Program Files (x86)\Intel\Intel(R) Management Engine Components\IPT;C:\Program Files\Intel\Intel(R) Management Engine Components\IPT;C:\Program Files (x86)\NVIDIA Corporation\PhysX\Common;C:\WINDOWS\system32;C:\WINDOWS;C:\WINDOWS\System32\Wbem;C:\WINDOWS\System32\WindowsPowerShell\v1.0\;C:\Program Files\Java\jdk1.8.0_171\\bin;C:\Program Files\Git\cmd;C:\Program Files\nodejs\;C:\Program Files\dotnet\;C:\Program Files\Maven\bin\;C:\Program Files\PostgreSQL\10\bin\;C:\Python27\;C:\Program Files (x86)\Windows Kits\8.1\Windows Performance Toolkit\;C:\Curl\AMD64\;C:\WINDOWS\System32\OpenSSH\;C:\Program Files\PostgreSQL\10\bin\;C:\PostgreSQL\pg10\bin;C:\Program Files\Java\jdk1.8.0_171\bin\;C:\Program Files (x86)\Microsoft SQL Server\140\Tools\Binn\;C:\Program Files (x86)\Microsoft SQL Server\Client SDK\ODBC\130\Tools\Binn\;C:\Program Files (x86)\Microsoft SQL Server\140\DTS\Binn\;C:\Program Files (x86)\Microsoft SQL Server\140\Tools\Binn\ManagementStudio\;C:\Program Files\Microsoft SQL Server\Client SDK\ODBC\130\Tools\Binn\;C:\Program Files\Microsoft SQL Server\140\Tools\Binn\;C:\Program Files\Microsoft SQL Server\140\DTS\Binn\;C:\Program Files\Intel\WiFi\bin\;C:\Program Files\Common Files\Intel\WirelessCommon\;C:\Ruby23\bin;C:\Users\DIASTOWO\AppData\Local\Microsoft\WindowsApps;C:\Users\DIASTOWO\AppData\Local\GitHubDesktop\bin;C:\Program Files\Heroku\bin;C:\Users\DIASTOWO\AppData\Roaming\npm;C:\Users\DIASTOWO\AppData\Local\Microsoft\WindowsApps;, USERDOMAIN_ROAMINGPROFILE=VI29-DIASTOWO, PROCESSOR_LEVEL=6, SYSTEMDRIVE=C:, VS140COMNTOOLS=C:\Program Files (x86)\Microsoft Visual Studio 14.0\Common7\Tools\, SESSIONNAME=Console, ALLUSERSPROFILE=C:\ProgramData, PROCESSOR_ARCHITECTURE=AMD64, DRIVERDATA=C:\Windows\System32\Drivers\DriverData, MAVEN_HOME=C:\Program Files\Maven\bin\.., PROGRAMFILES=C:\Program Files, MOZ_PLUGIN_PATH=C:\Program Files (x86)\Foxit Software\Foxit Reader\plugins\, PSMODULEPATH=C:\Program Files\WindowsPowerShell\Modules;C:\WINDOWS\system32\WindowsPowerShell\v1.0\Modules;C:\Program Files (x86)\Microsoft SQL Server\140\Tools\PowerShell\Modules\, PROGRAMDATA=C:\ProgramData, USERNAME=DIASTOWO, WDIR=C:\Users\DIASTOWO\Documents\STS\markethings-corp, FPS_BROWSER_USER_PROFILE_STRING=Default, ONEDRIVE=C:\Users\DIASTOWO\OneDrive, PATHEXT=.COM;.EXE;.BAT;.CMD;.VBS;.VBE;.JS;.JSE;.WSF;.WSH;.MSC;.RB;.RBW, CLASSWORLDS_JAR="C:\Program Files\Maven\bin\..\boot\plexus-classworlds-2.5.2.jar", WINDIR=C:\WINDOWS, HOMEPATH=\Users\DIASTOWO, PROCESSOR_IDENTIFIER=Intel64 Family 6 Model 142 Stepping 9, GenuineIntel, GYP_MSVS_VERSION=2015, PUBLIC=C:\Users\Public, =::=::\, =EXITCODE=00000001, OPENSSL_CONF=C:\OpenSSL-Win64\bin\openssl.cfg, LOCALAPPDATA=C:\Users\DIASTOWO\AppData\Local, COMMONPROGRAMFILES(X86)=C:\Program Files (x86)\Common Files, USERDOMAIN=VI29-DIASTOWO, FPS_BROWSER_APP_PROFILE_STRING=Internet Explorer, LOGONSERVER=\\VI29-DIASTOWO, JAVA_HOME=C:\Program Files\Java\jdk1.8.0_171\, PROMPT=$P$G, PROGRAMFILES(X86)=C:\Program Files (x86), ERROR_CODE=0, EXEC_DIR=C:\Users\DIASTOWO\Documents\STS\markethings-corp, =C:=C:\Users\DIASTOWO\Documents\STS\markethings-corp, APPDATA=C:\Users\DIASTOWO\AppData\Roaming, PROGRAMW6432=C:\Program Files, SYSTEMROOT=C:\WINDOWS, MAVEN_CMD_LINE_ARGS=package, SSL_CERT_FILE=C:\RailsInstaller\cacert.pem, OS=Windows_NT, COMMONPROGRAMW6432=C:\Program Files\Common Files, COMPUTERNAME=VI29-DIASTOWO, COMMONPROGRAMFILES=C:\Program Files\Common Files, COMSPEC=C:\WINDOWS\system32\cmd.exe, JAVACMD=C:\Program Files\Java\jdk1.8.0_171\\bin\java.exe, MAVEN_PROJECTBASEDIR=C:\Users\DIASTOWO\Documents\STS\markethings-corp, PROCESSOR_REVISION=8e09, CLASSWORLDS_LAUNCHER=org.codehaus.plexus.classworlds.launcher.Launcher, TEMP=C:\Users\DIASTOWO\AppData\Local\Temp, HOMEDRIVE=C:, USERPROFILE=C:\Users\DIASTOWO, TMP=C:\Users\DIASTOWO\AppData\Local\Temp, NUMBER_OF_PROCESSORS=4, JVMCONFIG=\.mvn\jvm.config}}]
17:35:04.186 [main] DEBUG org.springframework.core.io.support.PathMatchingResourcePatternResolver - Resolved classpath location [hello/] to resources [URL [file:/C:/Users/DIASTOWO/Documents/STS/markethings-corp/target/test-classes/hello/], URL [file:/C:/Users/DIASTOWO/Documents/STS/markethings-corp/target/classes/hello/]]
17:35:04.187 [main] DEBUG org.springframework.core.io.support.PathMatchingResourcePatternResolver - Looking for matching resources in directory tree [C:\Users\DIASTOWO\Documents\STS\markethings-corp\target\test-classes\hello]
17:35:04.188 [main] DEBUG org.springframework.core.io.support.PathMatchingResourcePatternResolver - Searching directory [C:\Users\DIASTOWO\Documents\STS\markethings-corp\target\test-classes\hello] for files matching pattern [C:/Users/DIASTOWO/Documents/STS/markethings-corp/target/test-classes/hello/*.class]
17:35:04.194 [main] DEBUG org.springframework.core.io.support.PathMatchingResourcePatternResolver - Looking for matching resources in directory tree [C:\Users\DIASTOWO\Documents\STS\markethings-corp\target\classes\hello]
17:35:04.194 [main] DEBUG org.springframework.core.io.support.PathMatchingResourcePatternResolver - Searching directory [C:\Users\DIASTOWO\Documents\STS\markethings-corp\target\classes\hello] for files matching pattern [C:/Users/DIASTOWO/Documents/STS/markethings-corp/target/classes/hello/*.class]
17:35:04.196 [main] DEBUG org.springframework.core.io.support.PathMatchingResourcePatternResolver - Resolved location pattern [classpath*:hello/*.class] to resources [file [C:\Users\DIASTOWO\Documents\STS\markethings-corp\target\test-classes\hello\ApplicationTest.class], file [C:\Users\DIASTOWO\Documents\STS\markethings-corp\target\classes\hello\Application.class], file [C:\Users\DIASTOWO\Documents\STS\markethings-corp\target\classes\hello\WebSecurityConfig.class]]
17:35:04.316 [main] DEBUG org.springframework.context.annotation.ClassPathScanningCandidateComponentProvider - Identified candidate component class: file [C:\Users\DIASTOWO\Documents\STS\markethings-corp\target\classes\hello\Application.class]
17:35:04.329 [main] INFO org.springframework.boot.test.context.SpringBootTestContextBootstrapper - Found @SpringBootConfiguration hello.Application for test class hello.ApplicationTest
17:35:04.334 [main] DEBUG org.springframework.boot.test.autoconfigure.web.servlet.WebMvcTestContextBootstrapper - @TestExecutionListeners is not present for class [hello.ApplicationTest]: using defaults.
17:35:04.334 [main] INFO org.springframework.boot.test.autoconfigure.web.servlet.WebMvcTestContextBootstrapper - Loaded default TestExecutionListener class names from location [META-INF/spring.factories]: [org.springframework.boot.test.mock.mockito.MockitoTestExecutionListener, org.springframework.boot.test.mock.mockito.ResetMocksTestExecutionListener, org.springframework.boot.test.autoconfigure.restdocs.RestDocsTestExecutionListener, org.springframework.boot.test.autoconfigure.web.client.MockRestServiceServerResetTestExecutionListener, org.springframework.boot.test.autoconfigure.web.servlet.MockMvcPrintOnlyOnFailureTestExecutionListener, org.springframework.boot.test.autoconfigure.web.servlet.WebDriverTestExecutionListener, org.springframework.test.context.web.ServletTestExecutionListener, org.springframework.test.context.support.DirtiesContextBeforeModesTestExecutionListener, org.springframework.test.context.support.DependencyInjectionTestExecutionListener, org.springframework.test.context.support.DirtiesContextTestExecutionListener, org.springframework.test.context.transaction.TransactionalTestExecutionListener, org.springframework.test.context.jdbc.SqlScriptsTestExecutionListener]
17:35:04.374 [main] INFO org.springframework.boot.test.autoconfigure.web.servlet.WebMvcTestContextBootstrapper - Using TestExecutionListeners: [org.springframework.test.context.web.ServletTestExecutionListener@479d31f3, org.springframework.test.context.support.DirtiesContextBeforeModesTestExecutionListener@40ef3420, org.springframework.boot.test.mock.mockito.MockitoTestExecutionListener@498d318c, org.springframework.boot.test.autoconfigure.SpringBootDependencyInjectionTestExecutionListener@6e171cd7, org.springframework.test.context.support.DirtiesContextTestExecutionListener@402bba4f, org.springframework.test.context.transaction.TransactionalTestExecutionListener@795cd85e, org.springframework.test.context.jdbc.SqlScriptsTestExecutionListener@59fd97a8, org.springframework.boot.test.mock.mockito.ResetMocksTestExecutionListener@f5ac9e4, org.springframework.boot.test.autoconfigure.restdocs.RestDocsTestExecutionListener@123ef382, org.springframework.boot.test.autoconfigure.web.client.MockRestServiceServerResetTestExecutionListener@dbf57b3, org.springframework.boot.test.autoconfigure.web.servlet.MockMvcPrintOnlyOnFailureTestExecutionListener@384ad17b, org.springframework.boot.test.autoconfigure.web.servlet.WebDriverTestExecutionListener@61862a7f]
17:35:04.378 [main] DEBUG org.springframework.test.annotation.ProfileValueUtils - Retrieved @ProfileValueSourceConfiguration [null] for test class [hello.ApplicationTest]
17:35:04.379 [main] DEBUG org.springframework.test.annotation.ProfileValueUtils - Retrieved ProfileValueSource type [class org.springframework.test.annotation.SystemProfileValueSource] for class [hello.ApplicationTest]
17:35:04.380 [main] DEBUG org.springframework.test.annotation.ProfileValueUtils - Retrieved @ProfileValueSourceConfiguration [null] for test class [hello.ApplicationTest]
17:35:04.380 [main] DEBUG org.springframework.test.annotation.ProfileValueUtils - Retrieved ProfileValueSource type [class org.springframework.test.annotation.SystemProfileValueSource] for class [hello.ApplicationTest]
17:35:04.381 [main] DEBUG org.springframework.test.annotation.ProfileValueUtils - Retrieved @ProfileValueSourceConfiguration [null] for test class [hello.ApplicationTest]
17:35:04.382 [main] DEBUG org.springframework.test.annotation.ProfileValueUtils - Retrieved ProfileValueSource type [class org.springframework.test.annotation.SystemProfileValueSource] for class [hello.ApplicationTest]
17:35:04.394 [main] DEBUG org.springframework.test.context.support.AbstractDirtiesContextTestExecutionListener - Before test class: context [DefaultTestContext@2e005c4b testClass = ApplicationTest, testInstance = [null], testMethod = [null], testException = [null], mergedContextConfiguration = [WebMergedContextConfiguration@4567f35d testClass = ApplicationTest, locations = '{}', classes = '{class hello.Application}', contextInitializerClasses = '[]', activeProfiles = '{}', propertySourceLocations = '{}', propertySourceProperties = '{org.springframework.boot.test.autoconfigure.web.servlet.WebMvcTestContextBootstrapper=true}', contextCustomizers = set[[ImportsContextCustomizer@5ffead27 key = [org.springframework.boot.autoconfigure.cache.CacheAutoConfiguration, org.springframework.boot.autoconfigure.context.MessageSourceAutoConfiguration, org.springframework.boot.autoconfigure.freemarker.FreeMarkerAutoConfiguration, org.springframework.boot.autoconfigure.groovy.template.GroovyTemplateAutoConfiguration, org.springframework.boot.autoconfigure.gson.GsonAutoConfiguration, org.springframework.boot.autoconfigure.hateoas.HypermediaAutoConfiguration, org.springframework.boot.autoconfigure.http.HttpMessageConvertersAutoConfiguration, org.springframework.boot.autoconfigure.jackson.JacksonAutoConfiguration, org.springframework.boot.autoconfigure.jsonb.JsonbAutoConfiguration, org.springframework.boot.autoconfigure.mustache.MustacheAutoConfiguration, org.springframework.boot.autoconfigure.thymeleaf.ThymeleafAutoConfiguration, org.springframework.boot.autoconfigure.validation.ValidationAutoConfiguration, org.springframework.boot.autoconfigure.web.servlet.error.ErrorMvcAutoConfiguration, org.springframework.boot.autoconfigure.web.servlet.WebMvcAutoConfiguration, org.springframework.boot.test.autoconfigure.web.servlet.MockMvcAutoConfiguration, org.springframework.boot.test.autoconfigure.web.servlet.MockMvcSecurityAutoConfiguration, org.springframework.boot.test.autoconfigure.web.servlet.MockMvcWebClientAutoConfiguration, org.springframework.boot.test.autoconfigure.web.servlet.MockMvcWebDriverAutoConfiguration]], org.springframework.boot.test.context.filter.ExcludeFilterContextCustomizer@3f200884, org.springframework.boot.test.json.DuplicateJsonObjectContextCustomizerFactory$DuplicateJsonObjectContextCustomizer@5a4aa2f2, org.springframework.boot.test.mock.mockito.MockitoContextCustomizer@0, org.springframework.boot.test.autoconfigure.OverrideAutoConfigurationContextCustomizerFactory$DisableAutoConfigurationContextCustomizer@62e136d3, org.springframework.boot.test.autoconfigure.filter.TypeExcludeFiltersContextCustomizer@eddbfab2, org.springframework.boot.test.autoconfigure.properties.PropertyMappingContextCustomizer@af2d2e6a, org.springframework.boot.test.autoconfigure.web.servlet.WebDriverContextCustomizerFactory$Customizer@5af97850], resourceBasePath = '', contextLoader = 'org.springframework.boot.test.context.SpringBootContextLoader', parent = [null]], attributes = map[[empty]]], class annotated with @DirtiesContext [false] with mode [null].
17:35:04.395 [main] DEBUG org.springframework.test.annotation.ProfileValueUtils - Retrieved @ProfileValueSourceConfiguration [null] for test class [hello.ApplicationTest]
17:35:04.395 [main] DEBUG org.springframework.test.annotation.ProfileValueUtils - Retrieved ProfileValueSource type [class org.springframework.test.annotation.SystemProfileValueSource] for class [hello.ApplicationTest]
17:35:04.405 [main] DEBUG org.springframework.test.context.support.DependencyInjectionTestExecutionListener - Performing dependency injection for test context [[DefaultTestContext@2e005c4b testClass = ApplicationTest, testInstance = hello.ApplicationTest@52bf72b5, testMethod = [null], testException = [null], mergedContextConfiguration = [WebMergedContextConfiguration@4567f35d testClass = ApplicationTest, locations = '{}', classes = '{class hello.Application}', contextInitializerClasses = '[]', activeProfiles = '{}', propertySourceLocations = '{}', propertySourceProperties = '{org.springframework.boot.test.autoconfigure.web.servlet.WebMvcTestContextBootstrapper=true}', contextCustomizers = set[[ImportsContextCustomizer@5ffead27 key = [org.springframework.boot.autoconfigure.cache.CacheAutoConfiguration, org.springframework.boot.autoconfigure.context.MessageSourceAutoConfiguration, org.springframework.boot.autoconfigure.freemarker.FreeMarkerAutoConfiguration, org.springframework.boot.autoconfigure.groovy.template.GroovyTemplateAutoConfiguration, org.springframework.boot.autoconfigure.gson.GsonAutoConfiguration, org.springframework.boot.autoconfigure.hateoas.HypermediaAutoConfiguration, org.springframework.boot.autoconfigure.http.HttpMessageConvertersAutoConfiguration, org.springframework.boot.autoconfigure.jackson.JacksonAutoConfiguration, org.springframework.boot.autoconfigure.jsonb.JsonbAutoConfiguration, org.springframework.boot.autoconfigure.mustache.MustacheAutoConfiguration, org.springframework.boot.autoconfigure.thymeleaf.ThymeleafAutoConfiguration, org.springframework.boot.autoconfigure.validation.ValidationAutoConfiguration, org.springframework.boot.autoconfigure.web.servlet.error.ErrorMvcAutoConfiguration, org.springframework.boot.autoconfigure.web.servlet.WebMvcAutoConfiguration, org.springframework.boot.test.autoconfigure.web.servlet.MockMvcAutoConfiguration, org.springframework.boot.test.autoconfigure.web.servlet.MockMvcSecurityAutoConfiguration, org.springframework.boot.test.autoconfigure.web.servlet.MockMvcWebClientAutoConfiguration, org.springframework.boot.test.autoconfigure.web.servlet.MockMvcWebDriverAutoConfiguration]], org.springframework.boot.test.context.filter.ExcludeFilterContextCustomizer@3f200884, org.springframework.boot.test.json.DuplicateJsonObjectContextCustomizerFactory$DuplicateJsonObjectContextCustomizer@5a4aa2f2, org.springframework.boot.test.mock.mockito.MockitoContextCustomizer@0, org.springframework.boot.test.autoconfigure.OverrideAutoConfigurationContextCustomizerFactory$DisableAutoConfigurationContextCustomizer@62e136d3, org.springframework.boot.test.autoconfigure.filter.TypeExcludeFiltersContextCustomizer@eddbfab2, org.springframework.boot.test.autoconfigure.properties.PropertyMappingContextCustomizer@af2d2e6a, org.springframework.boot.test.autoconfigure.web.servlet.WebDriverContextCustomizerFactory$Customizer@5af97850], resourceBasePath = '', contextLoader = 'org.springframework.boot.test.context.SpringBootContextLoader', parent = [null]], attributes = map[[empty]]]].
17:35:04.460 [main] DEBUG org.springframework.core.env.StandardEnvironment - Adding PropertySource 'systemProperties' with lowest search precedence
17:35:04.460 [main] DEBUG org.springframework.core.env.StandardEnvironment - Adding PropertySource 'systemEnvironment' with lowest search precedence
17:35:04.460 [main] DEBUG org.springframework.core.env.StandardEnvironment - Initialized StandardEnvironment with PropertySources [MapPropertySource@869601985 {name='systemProperties', properties={java.runtime.name=Java(TM) SE Runtime Environment, sun.boot.library.path=C:\Program Files\Java\jdk1.8.0_171\jre\bin, java.vm.version=25.171-b11, java.vm.vendor=Oracle Corporation, java.vendor.url=http://java.oracle.com/, path.separator=;, java.vm.name=Java HotSpot(TM) 64-Bit Server VM, file.encoding.pkg=sun.io, user.country=ID, user.script=, sun.java.launcher=SUN_STANDARD, sun.os.patch.level=, java.vm.specification.name=Java Virtual Machine Specification, user.dir=C:\Users\DIASTOWO\Documents\STS\markethings-corp, java.runtime.version=1.8.0_171-b11, basedir=C:\Users\DIASTOWO\Documents\STS\markethings-corp, java.awt.graphicsenv=sun.awt.Win32GraphicsEnvironment, java.endorsed.dirs=C:\Program Files\Java\jdk1.8.0_171\jre\lib\endorsed, os.arch=amd64, surefire.real.class.path=C:\Users\DIASTOWO\AppData\Local\Temp\surefire748427620291139594\surefirebooter3040261357985897295.jar, java.io.tmpdir=C:\Users\DIASTOWO\AppData\Local\Temp\, line.separator=
, java.vm.specification.vendor=Oracle Corporation, user.variant=, os.name=Windows 10, sun.jnu.encoding=Cp1252, java.library.path=C:\Program Files\Java\jdk1.8.0_171\jre\bin;C:\WINDOWS\Sun\Java\bin;C:\WINDOWS\system32;C:\WINDOWS;C:\Program Files (x86)\Common Files\Oracle\Java\javapath;C:\Program Files (x86)\Intel\iCLS Client\;C:\Program Files\Intel\iCLS Client\;C:\Windows\system32;C:\Windows;C:\Windows\System32\Wbem;C:\Windows\System32\WindowsPowerShell\v1.0\;C:\Program Files (x86)\Intel\Intel(R) Management Engine Components\DAL;C:\Program Files\Intel\Intel(R) Management Engine Components\DAL;C:\Program Files (x86)\Intel\Intel(R) Management Engine Components\IPT;C:\Program Files\Intel\Intel(R) Management Engine Components\IPT;C:\Program Files (x86)\NVIDIA Corporation\PhysX\Common;C:\WINDOWS\system32;C:\WINDOWS;C:\WINDOWS\System32\Wbem;C:\WINDOWS\System32\WindowsPowerShell\v1.0\;C:\Program Files\Java\jdk1.8.0_171\\bin;C:\Program Files\Git\cmd;C:\Program Files\nodejs\;C:\Program Files\dotnet\;C:\Program Files\Maven\bin\;C:\Program Files\PostgreSQL\10\bin\;C:\Python27\;C:\Program Files (x86)\Windows Kits\8.1\Windows Performance Toolkit\;C:\Curl\AMD64\;C:\WINDOWS\System32\OpenSSH\;C:\Program Files\PostgreSQL\10\bin\;C:\PostgreSQL\pg10\bin;C:\Program Files\Java\jdk1.8.0_171\bin\;C:\Program Files (x86)\Microsoft SQL Server\140\Tools\Binn\;C:\Program Files (x86)\Microsoft SQL Server\Client SDK\ODBC\130\Tools\Binn\;C:\Program Files (x86)\Microsoft SQL Server\140\DTS\Binn\;C:\Program Files (x86)\Microsoft SQL Server\140\Tools\Binn\ManagementStudio\;C:\Program Files\Microsoft SQL Server\Client SDK\ODBC\130\Tools\Binn\;C:\Program Files\Microsoft SQL Server\140\Tools\Binn\;C:\Program Files\Microsoft SQL Server\140\DTS\Binn\;C:\Program Files\Intel\WiFi\bin\;C:\Program Files\Common Files\Intel\WirelessCommon\;C:\Ruby23\bin;C:\Users\DIASTOWO\AppData\Local\Microsoft\WindowsApps;C:\Users\DIASTOWO\AppData\Local\GitHubDesktop\bin;C:\Program Files\Heroku\bin;C:\Users\DIASTOWO\AppData\Roaming\npm;C:\Users\DIASTOWO\AppData\Local\Microsoft\WindowsApps;;., surefire.test.class.path=C:\Users\DIASTOWO\Documents\STS\markethings-corp\target\test-classes;C:\Users\DIASTOWO\Documents\STS\markethings-corp\target\classes;C:\Users\DIASTOWO\.m2\repository\org\springframework\boot\spring-boot-starter-data-jpa\2.0.0.RELEASE\spring-boot-starter-data-jpa-2.0.0.RELEASE.jar;C:\Users\DIASTOWO\.m2\repository\org\springframework\boot\spring-boot-starter\2.0.0.RELEASE\spring-boot-starter-2.0.0.RELEASE.jar;C:\Users\DIASTOWO\.m2\repository\org\springframework\boot\spring-boot-starter-logging\2.0.0.RELEASE\spring-boot-starter-logging-2.0.0.RELEASE.jar;C:\Users\DIASTOWO\.m2\repository\ch\qos\logback\logback-classic\1.2.3\logback-classic-1.2.3.jar;C:\Users\DIASTOWO\.m2\repository\ch\qos\logback\logback-core\1.2.3\logback-core-1.2.3.jar;C:\Users\DIASTOWO\.m2\repository\org\apache\logging\log4j\log4j-to-slf4j\2.10.0\log4j-to-slf4j-2.10.0.jar;C:\Users\DIASTOWO\.m2\repository\org\apache\logging\log4j\log4j-api\2.10.0\log4j-api-2.10.0.jar;C:\Users\DIASTOWO\.m2\repository\org\slf4j\jul-to-slf4j\1.7.25\jul-to-slf4j-1.7.25.jar;C:\Users\DIASTOWO\.m2\repository\javax\annotation\javax.annotation-api\1.3.2\javax.annotation-api-1.3.2.jar;C:\Users\DIASTOWO\.m2\repository\org\yaml\snakeyaml\1.19\snakeyaml-1.19.jar;C:\Users\DIASTOWO\.m2\repository\org\springframework\boot\spring-boot-starter-aop\2.0.0.RELEASE\spring-boot-starter-aop-2.0.0.RELEASE.jar;C:\Users\DIASTOWO\.m2\repository\org\aspectj\aspectjweaver\1.8.13\aspectjweaver-1.8.13.jar;C:\Users\DIASTOWO\.m2\repository\org\springframework\boot\spring-boot-starter-jdbc\2.0.0.RELEASE\spring-boot-starter-jdbc-2.0.0.RELEASE.jar;C:\Users\DIASTOWO\.m2\repository\org\springframework\spring-jdbc\5.0.4.RELEASE\spring-jdbc-5.0.4.RELEASE.jar;C:\Users\DIASTOWO\.m2\repository\org\hibernate\hibernate-core\5.2.14.Final\hibernate-core-5.2.14.Final.jar;C:\Users\DIASTOWO\.m2\repository\org\jboss\logging\jboss-logging\3.3.2.Final\jboss-logging-3.3.2.Final.jar;C:\Users\DIASTOWO\.m2\repository\org\hibernate\javax\persistence\hibernate-jpa-2.1-api\1.0.0.Final\hibernate-jpa-2.1-api-1.0.0.Final.jar;C:\Users\DIASTOWO\.m2\repository\org\javassist\javassist\3.22.0-GA\javassist-3.22.0-GA.jar;C:\Users\DIASTOWO\.m2\repository\antlr\antlr\2.7.7\antlr-2.7.7.jar;C:\Users\DIASTOWO\.m2\repository\org\jboss\jandex\2.0.3.Final\jandex-2.0.3.Final.jar;C:\Users\DIASTOWO\.m2\repository\com\fasterxml\classmate\1.3.4\classmate-1.3.4.jar;C:\Users\DIASTOWO\.m2\repository\dom4j\dom4j\1.6.1\dom4j-1.6.1.jar;C:\Users\DIASTOWO\.m2\repository\org\hibernate\common\hibernate-commons-annotations\5.0.1.Final\hibernate-commons-annotations-5.0.1.Final.jar;C:\Users\DIASTOWO\.m2\repository\javax\transaction\javax.transaction-api\1.2\javax.transaction-api-1.2.jar;C:\Users\DIASTOWO\.m2\repository\org\springframework\data\spring-data-jpa\2.0.5.RELEASE\spring-data-jpa-2.0.5.RELEASE.jar;C:\Users\DIASTOWO\.m2\repository\org\springframework\data\spring-data-commons\2.0.5.RELEASE\spring-data-commons-2.0.5.RELEASE.jar;C:\Users\DIASTOWO\.m2\repository\org\springframework\spring-orm\5.0.4.RELEASE\spring-orm-5.0.4.RELEASE.jar;C:\Users\DIASTOWO\.m2\repository\org\springframework\spring-context\5.0.4.RELEASE\spring-context-5.0.4.RELEASE.jar;C:\Users\DIASTOWO\.m2\repository\org\springframework\spring-tx\5.0.4.RELEASE\spring-tx-5.0.4.RELEASE.jar;C:\Users\DIASTOWO\.m2\repository\org\springframework\spring-beans\5.0.4.RELEASE\spring-beans-5.0.4.RELEASE.jar;C:\Users\DIASTOWO\.m2\repository\org\springframework\spring-aspects\5.0.4.RELEASE\spring-aspects-5.0.4.RELEASE.jar;C:\Users\DIASTOWO\.m2\repository\org\postgresql\postgresql\42.2.1\postgresql-42.2.1.jar;C:\Users\DIASTOWO\.m2\repository\org\springframework\boot\spring-boot-starter-web\2.0.0.RELEASE\spring-boot-starter-web-2.0.0.RELEASE.jar;C:\Users\DIASTOWO\.m2\repository\org\springframework\boot\spring-boot-starter-json\2.0.0.RELEASE\spring-boot-starter-json-2.0.0.RELEASE.jar;C:\Users\DIASTOWO\.m2\repository\com\fasterxml\jackson\core\jackson-databind\2.9.4\jackson-databind-2.9.4.jar;C:\Users\DIASTOWO\.m2\repository\com\fasterxml\jackson\core\jackson-annotations\2.9.0\jackson-annotations-2.9.0.jar;C:\Users\DIASTOWO\.m2\repository\com\fasterxml\jackson\core\jackson-core\2.9.4\jackson-core-2.9.4.jar;C:\Users\DIASTOWO\.m2\repository\com\fasterxml\jackson\datatype\jackson-datatype-jdk8\2.9.4\jackson-datatype-jdk8-2.9.4.jar;C:\Users\DIASTOWO\.m2\repository\com\fasterxml\jackson\datatype\jackson-datatype-jsr310\2.9.4\jackson-datatype-jsr310-2.9.4.jar;C:\Users\DIASTOWO\.m2\repository\com\fasterxml\jackson\module\jackson-module-parameter-names\2.9.4\jackson-module-parameter-names-2.9.4.jar;C:\Users\DIASTOWO\.m2\repository\org\springframework\boot\spring-boot-starter-tomcat\2.0.0.RELEASE\spring-boot-starter-tomcat-2.0.0.RELEASE.jar;C:\Users\DIASTOWO\.m2\repository\org\apache\tomcat\embed\tomcat-embed-core\8.5.28\tomcat-embed-core-8.5.28.jar;C:\Users\DIASTOWO\.m2\repository\org\apache\tomcat\embed\tomcat-embed-el\8.5.28\tomcat-embed-el-8.5.28.jar;C:\Users\DIASTOWO\.m2\repository\org\apache\tomcat\embed\tomcat-embed-websocket\8.5.28\tomcat-embed-websocket-8.5.28.jar;C:\Users\DIASTOWO\.m2\repository\org\hibernate\validator\hibernate-validator\6.0.7.Final\hibernate-validator-6.0.7.Final.jar;C:\Users\DIASTOWO\.m2\repository\javax\validation\validation-api\2.0.1.Final\validation-api-2.0.1.Final.jar;C:\Users\DIASTOWO\.m2\repository\org\springframework\spring-web\5.0.4.RELEASE\spring-web-5.0.4.RELEASE.jar;C:\Users\DIASTOWO\.m2\repository\org\springframework\spring-webmvc\5.0.4.RELEASE\spring-webmvc-5.0.4.RELEASE.jar;C:\Users\DIASTOWO\.m2\repository\org\springframework\spring-expression\5.0.4.RELEASE\spring-expression-5.0.4.RELEASE.jar;C:\Users\DIASTOWO\.m2\repository\org\springframework\boot\spring-boot-starter-thymeleaf\2.0.0.RELEASE\spring-boot-starter-thymeleaf-2.0.0.RELEASE.jar;C:\Users\DIASTOWO\.m2\repository\org\thymeleaf\thymeleaf-spring5\3.0.9.RELEASE\thymeleaf-spring5-3.0.9.RELEASE.jar;C:\Users\DIASTOWO\.m2\repository\org\thymeleaf\thymeleaf\3.0.9.RELEASE\thymeleaf-3.0.9.RELEASE.jar;C:\Users\DIASTOWO\.m2\repository\org\attoparser\attoparser\2.0.4.RELEASE\attoparser-2.0.4.RELEASE.jar;C:\Users\DIASTOWO\.m2\repository\org\unbescape\unbescape\1.1.5.RELEASE\unbescape-1.1.5.RELEASE.jar;C:\Users\DIASTOWO\.m2\repository\org\thymeleaf\extras\thymeleaf-extras-java8time\3.0.1.RELEASE\thymeleaf-extras-java8time-3.0.1.RELEASE.jar;C:\Users\DIASTOWO\.m2\repository\org\springframework\boot\spring-boot-devtools\2.0.0.RELEASE\spring-boot-devtools-2.0.0.RELEASE.jar;C:\Users\DIASTOWO\.m2\repository\org\springframework\boot\spring-boot\2.0.0.RELEASE\spring-boot-2.0.0.RELEASE.jar;C:\Users\DIASTOWO\.m2\repository\org\springframework\boot\spring-boot-autoconfigure\2.0.0.RELEASE\spring-boot-autoconfigure-2.0.0.RELEASE.jar;C:\Users\DIASTOWO\.m2\repository\org\springframework\boot\spring-boot-starter-test\2.0.0.RELEASE\spring-boot-starter-test-2.0.0.RELEASE.jar;C:\Users\DIASTOWO\.m2\repository\org\springframework\boot\spring-boot-test\2.0.0.RELEASE\spring-boot-test-2.0.0.RELEASE.jar;C:\Users\DIASTOWO\.m2\repository\org\springframework\boot\spring-boot-test-autoconfigure\2.0.0.RELEASE\spring-boot-test-autoconfigure-2.0.0.RELEASE.jar;C:\Users\DIASTOWO\.m2\repository\com\jayway\jsonpath\json-path\2.4.0\json-path-2.4.0.jar;C:\Users\DIASTOWO\.m2\repository\net\minidev\json-smart\2.3\json-smart-2.3.jar;C:\Users\DIASTOWO\.m2\repository\net\minidev\accessors-smart\1.2\accessors-smart-1.2.jar;C:\Users\DIASTOWO\.m2\repository\junit\junit\4.12\junit-4.12.jar;C:\Users\DIASTOWO\.m2\repository\org\assertj\assertj-core\3.9.1\assertj-core-3.9.1.jar;C:\Users\DIASTOWO\.m2\repository\org\mockito\mockito-core\2.15.0\mockito-core-2.15.0.jar;C:\Users\DIASTOWO\.m2\repository\net\bytebuddy\byte-buddy\1.7.10\byte-buddy-1.7.10.jar;C:\Users\DIASTOWO\.m2\repository\net\bytebuddy\byte-buddy-agent\1.7.10\byte-buddy-agent-1.7.10.jar;C:\Users\DIASTOWO\.m2\repository\org\objenesis\objenesis\2.6\objenesis-2.6.jar;C:\Users\DIASTOWO\.m2\repository\org\hamcrest\hamcrest-core\1.3\hamcrest-core-1.3.jar;C:\Users\DIASTOWO\.m2\repository\org\hamcrest\hamcrest-library\1.3\hamcrest-library-1.3.jar;C:\Users\DIASTOWO\.m2\repository\org\skyscreamer\jsonassert\1.5.0\jsonassert-1.5.0.jar;C:\Users\DIASTOWO\.m2\repository\com\vaadin\external\google\android-json\0.0.20131108.vaadin1\android-json-0.0.20131108.vaadin1.jar;C:\Users\DIASTOWO\.m2\repository\org\springframework\spring-core\5.0.4.RELEASE\spring-core-5.0.4.RELEASE.jar;C:\Users\DIASTOWO\.m2\repository\org\springframework\spring-jcl\5.0.4.RELEASE\spring-jcl-5.0.4.RELEASE.jar;C:\Users\DIASTOWO\.m2\repository\org\springframework\spring-test\5.0.4.RELEASE\spring-test-5.0.4.RELEASE.jar;C:\Users\DIASTOWO\.m2\repository\org\xmlunit\xmlunit-core\2.5.1\xmlunit-core-2.5.1.jar;C:\Users\DIASTOWO\.m2\repository\org\springframework\boot\spring-boot-starter-jetty\2.0.0.RELEASE\spring-boot-starter-jetty-2.0.0.RELEASE.jar;C:\Users\DIASTOWO\.m2\repository\org\eclipse\jetty\jetty-servlets\9.4.11.v20180605\jetty-servlets-9.4.11.v20180605.jar;C:\Users\DIASTOWO\.m2\repository\org\eclipse\jetty\jetty-continuation\9.4.11.v20180605\jetty-continuation-9.4.11.v20180605.jar;C:\Users\DIASTOWO\.m2\repository\org\eclipse\jetty\jetty-http\9.4.11.v20180605\jetty-http-9.4.11.v20180605.jar;C:\Users\DIASTOWO\.m2\repository\org\eclipse\jetty\jetty-util\9.4.11.v20180605\jetty-util-9.4.11.v20180605.jar;C:\Users\DIASTOWO\.m2\repository\org\eclipse\jetty\jetty-io\9.4.11.v20180605\jetty-io-9.4.11.v20180605.jar;C:\Users\DIASTOWO\.m2\repository\org\eclipse\jetty\jetty-webapp\9.4.11.v20180605\jetty-webapp-9.4.11.v20180605.jar;C:\Users\DIASTOWO\.m2\repository\org\eclipse\jetty\jetty-xml\9.4.11.v20180605\jetty-xml-9.4.11.v20180605.jar;C:\Users\DIASTOWO\.m2\repository\org\eclipse\jetty\jetty-servlet\9.4.11.v20180605\jetty-servlet-9.4.11.v20180605.jar;C:\Users\DIASTOWO\.m2\repository\org\eclipse\jetty\jetty-security\9.4.11.v20180605\jetty-security-9.4.11.v20180605.jar;C:\Users\DIASTOWO\.m2\repository\org\eclipse\jetty\jetty-server\9.4.11.v20180605\jetty-server-9.4.11.v20180605.jar;C:\Users\DIASTOWO\.m2\repository\org\eclipse\jetty\websocket\websocket-server\9.4.11.v20180605\websocket-server-9.4.11.v20180605.jar;C:\Users\DIASTOWO\.m2\repository\org\eclipse\jetty\websocket\websocket-common\9.4.11.v20180605\websocket-common-9.4.11.v20180605.jar;C:\Users\DIASTOWO\.m2\repository\org\eclipse\jetty\websocket\websocket-api\9.4.11.v20180605\websocket-api-9.4.11.v20180605.jar;C:\Users\DIASTOWO\.m2\repository\org\eclipse\jetty\websocket\websocket-client\9.4.11.v20180605\websocket-client-9.4.11.v20180605.jar;C:\Users\DIASTOWO\.m2\repository\org\eclipse\jetty\jetty-client\9.4.11.v20180605\jetty-client-9.4.11.v20180605.jar;C:\Users\DIASTOWO\.m2\repository\org\eclipse\jetty\websocket\websocket-servlet\9.4.11.v20180605\websocket-servlet-9.4.11.v20180605.jar;C:\Users\DIASTOWO\.m2\repository\javax\servlet\javax.servlet-api\3.1.0\javax.servlet-api-3.1.0.jar;C:\Users\DIASTOWO\.m2\repository\org\eclipse\jetty\websocket\javax-websocket-server-impl\9.4.11.v20180605\javax-websocket-server-impl-9.4.11.v20180605.jar;C:\Users\DIASTOWO\.m2\repository\org\eclipse\jetty\jetty-annotations\9.4.11.v20180605\jetty-annotations-9.4.11.v20180605.jar;C:\Users\DIASTOWO\.m2\repository\org\eclipse\jetty\jetty-plus\9.4.11.v20180605\jetty-plus-9.4.11.v20180605.jar;C:\Users\DIASTOWO\.m2\repository\org\ow2\asm\asm\6.2\asm-6.2.jar;C:\Users\DIASTOWO\.m2\repository\org\ow2\asm\asm-commons\6.2\asm-commons-6.2.jar;C:\Users\DIASTOWO\.m2\repository\org\ow2\asm\asm-tree\6.2\asm-tree-6.2.jar;C:\Users\DIASTOWO\.m2\repository\org\ow2\asm\asm-analysis\6.2\asm-analysis-6.2.jar;C:\Users\DIASTOWO\.m2\repository\org\eclipse\jetty\websocket\javax-websocket-client-impl\9.4.11.v20180605\javax-websocket-client-impl-9.4.11.v20180605.jar;C:\Users\DIASTOWO\.m2\repository\javax\websocket\javax.websocket-api\1.0\javax.websocket-api-1.0.jar;C:\Users\DIASTOWO\.m2\repository\org\mortbay\jasper\apache-el\8.5.24.2\apache-el-8.5.24.2.jar;C:\Users\DIASTOWO\.m2\repository\com\zaxxer\HikariCP\2.7.8\HikariCP-2.7.8.jar;C:\Users\DIASTOWO\.m2\repository\org\slf4j\slf4j-api\1.7.25\slf4j-api-1.7.25.jar;C:\Users\DIASTOWO\.m2\repository\org\springframework\boot\spring-boot-starter-security\2.0.0.RELEASE\spring-boot-starter-security-2.0.0.RELEASE.jar;C:\Users\DIASTOWO\.m2\repository\org\springframework\spring-aop\5.0.4.RELEASE\spring-aop-5.0.4.RELEASE.jar;C:\Users\DIASTOWO\.m2\repository\org\springframework\security\spring-security-config\5.0.3.RELEASE\spring-security-config-5.0.3.RELEASE.jar;C:\Users\DIASTOWO\.m2\repository\org\springframework\security\spring-security-core\5.0.3.RELEASE\spring-security-core-5.0.3.RELEASE.jar;C:\Users\DIASTOWO\.m2\repository\org\springframework\security\spring-security-web\5.0.3.RELEASE\spring-security-web-5.0.3.RELEASE.jar;, java.specification.name=Java Platform API Specification, java.class.version=52.0, sun.management.compiler=HotSpot 64-Bit Tiered Compilers, os.version=10.0, user.home=C:\Users\DIASTOWO, user.timezone=Asia/Bangkok, java.awt.printerjob=sun.awt.windows.WPrinterJob, file.encoding=Cp1252, java.specification.version=1.8, java.class.path=C:\Users\DIASTOWO\Documents\STS\markethings-corp\target\test-classes;C:\Users\DIASTOWO\Documents\STS\markethings-corp\target\classes;C:\Users\DIASTOWO\.m2\repository\org\springframework\boot\spring-boot-starter-data-jpa\2.0.0.RELEASE\spring-boot-starter-data-jpa-2.0.0.RELEASE.jar;C:\Users\DIASTOWO\.m2\repository\org\springframework\boot\spring-boot-starter\2.0.0.RELEASE\spring-boot-starter-2.0.0.RELEASE.jar;C:\Users\DIASTOWO\.m2\repository\org\springframework\boot\spring-boot-starter-logging\2.0.0.RELEASE\spring-boot-starter-logging-2.0.0.RELEASE.jar;C:\Users\DIASTOWO\.m2\repository\ch\qos\logback\logback-classic\1.2.3\logback-classic-1.2.3.jar;C:\Users\DIASTOWO\.m2\repository\ch\qos\logback\logback-core\1.2.3\logback-core-1.2.3.jar;C:\Users\DIASTOWO\.m2\repository\org\apache\logging\log4j\log4j-to-slf4j\2.10.0\log4j-to-slf4j-2.10.0.jar;C:\Users\DIASTOWO\.m2\repository\org\apache\logging\log4j\log4j-api\2.10.0\log4j-api-2.10.0.jar;C:\Users\DIASTOWO\.m2\repository\org\slf4j\jul-to-slf4j\1.7.25\jul-to-slf4j-1.7.25.jar;C:\Users\DIASTOWO\.m2\repository\javax\annotation\javax.annotation-api\1.3.2\javax.annotation-api-1.3.2.jar;C:\Users\DIASTOWO\.m2\repository\org\yaml\snakeyaml\1.19\snakeyaml-1.19.jar;C:\Users\DIASTOWO\.m2\repository\org\springframework\boot\spring-boot-starter-aop\2.0.0.RELEASE\spring-boot-starter-aop-2.0.0.RELEASE.jar;C:\Users\DIASTOWO\.m2\repository\org\aspectj\aspectjweaver\1.8.13\aspectjweaver-1.8.13.jar;C:\Users\DIASTOWO\.m2\repository\org\springframework\boot\spring-boot-starter-jdbc\2.0.0.RELEASE\spring-boot-starter-jdbc-2.0.0.RELEASE.jar;C:\Users\DIASTOWO\.m2\repository\org\springframework\spring-jdbc\5.0.4.RELEASE\spring-jdbc-5.0.4.RELEASE.jar;C:\Users\DIASTOWO\.m2\repository\org\hibernate\hibernate-core\5.2.14.Final\hibernate-core-5.2.14.Final.jar;C:\Users\DIASTOWO\.m2\repository\org\jboss\logging\jboss-logging\3.3.2.Final\jboss-logging-3.3.2.Final.jar;C:\Users\DIASTOWO\.m2\repository\org\hibernate\javax\persistence\hibernate-jpa-2.1-api\1.0.0.Final\hibernate-jpa-2.1-api-1.0.0.Final.jar;C:\Users\DIASTOWO\.m2\repository\org\javassist\javassist\3.22.0-GA\javassist-3.22.0-GA.jar;C:\Users\DIASTOWO\.m2\repository\antlr\antlr\2.7.7\antlr-2.7.7.jar;C:\Users\DIASTOWO\.m2\repository\org\jboss\jandex\2.0.3.Final\jandex-2.0.3.Final.jar;C:\Users\DIASTOWO\.m2\repository\com\fasterxml\classmate\1.3.4\classmate-1.3.4.jar;C:\Users\DIASTOWO\.m2\repository\dom4j\dom4j\1.6.1\dom4j-1.6.1.jar;C:\Users\DIASTOWO\.m2\repository\org\hibernate\common\hibernate-commons-annotations\5.0.1.Final\hibernate-commons-annotations-5.0.1.Final.jar;C:\Users\DIASTOWO\.m2\repository\javax\transaction\javax.transaction-api\1.2\javax.transaction-api-1.2.jar;C:\Users\DIASTOWO\.m2\repository\org\springframework\data\spring-data-jpa\2.0.5.RELEASE\spring-data-jpa-2.0.5.RELEASE.jar;C:\Users\DIASTOWO\.m2\repository\org\springframework\data\spring-data-commons\2.0.5.RELEASE\spring-data-commons-2.0.5.RELEASE.jar;C:\Users\DIASTOWO\.m2\repository\org\springframework\spring-orm\5.0.4.RELEASE\spring-orm-5.0.4.RELEASE.jar;C:\Users\DIASTOWO\.m2\repository\org\springframework\spring-context\5.0.4.RELEASE\spring-context-5.0.4.RELEASE.jar;C:\Users\DIASTOWO\.m2\repository\org\springframework\spring-tx\5.0.4.RELEASE\spring-tx-5.0.4.RELEASE.jar;C:\Users\DIASTOWO\.m2\repository\org\springframework\spring-beans\5.0.4.RELEASE\spring-beans-5.0.4.RELEASE.jar;C:\Users\DIASTOWO\.m2\repository\org\springframework\spring-aspects\5.0.4.RELEASE\spring-aspects-5.0.4.RELEASE.jar;C:\Users\DIASTOWO\.m2\repository\org\postgresql\postgresql\42.2.1\postgresql-42.2.1.jar;C:\Users\DIASTOWO\.m2\repository\org\springframework\boot\spring-boot-starter-web\2.0.0.RELEASE\spring-boot-starter-web-2.0.0.RELEASE.jar;C:\Users\DIASTOWO\.m2\repository\org\springframework\boot\spring-boot-starter-json\2.0.0.RELEASE\spring-boot-starter-json-2.0.0.RELEASE.jar;C:\Users\DIASTOWO\.m2\repository\com\fasterxml\jackson\core\jackson-databind\2.9.4\jackson-databind-2.9.4.jar;C:\Users\DIASTOWO\.m2\repository\com\fasterxml\jackson\core\jackson-annotations\2.9.0\jackson-annotations-2.9.0.jar;C:\Users\DIASTOWO\.m2\repository\com\fasterxml\jackson\core\jackson-core\2.9.4\jackson-core-2.9.4.jar;C:\Users\DIASTOWO\.m2\repository\com\fasterxml\jackson\datatype\jackson-datatype-jdk8\2.9.4\jackson-datatype-jdk8-2.9.4.jar;C:\Users\DIASTOWO\.m2\repository\com\fasterxml\jackson\datatype\jackson-datatype-jsr310\2.9.4\jackson-datatype-jsr310-2.9.4.jar;C:\Users\DIASTOWO\.m2\repository\com\fasterxml\jackson\module\jackson-module-parameter-names\2.9.4\jackson-module-parameter-names-2.9.4.jar;C:\Users\DIASTOWO\.m2\repository\org\springframework\boot\spring-boot-starter-tomcat\2.0.0.RELEASE\spring-boot-starter-tomcat-2.0.0.RELEASE.jar;C:\Users\DIASTOWO\.m2\repository\org\apache\tomcat\embed\tomcat-embed-core\8.5.28\tomcat-embed-core-8.5.28.jar;C:\Users\DIASTOWO\.m2\repository\org\apache\tomcat\embed\tomcat-embed-el\8.5.28\tomcat-embed-el-8.5.28.jar;C:\Users\DIASTOWO\.m2\repository\org\apache\tomcat\embed\tomcat-embed-websocket\8.5.28\tomcat-embed-websocket-8.5.28.jar;C:\Users\DIASTOWO\.m2\repository\org\hibernate\validator\hibernate-validator\6.0.7.Final\hibernate-validator-6.0.7.Final.jar;C:\Users\DIASTOWO\.m2\repository\javax\validation\validation-api\2.0.1.Final\validation-api-2.0.1.Final.jar;C:\Users\DIASTOWO\.m2\repository\org\springframework\spring-web\5.0.4.RELEASE\spring-web-5.0.4.RELEASE.jar;C:\Users\DIASTOWO\.m2\repository\org\springframework\spring-webmvc\5.0.4.RELEASE\spring-webmvc-5.0.4.RELEASE.jar;C:\Users\DIASTOWO\.m2\repository\org\springframework\spring-expression\5.0.4.RELEASE\spring-expression-5.0.4.RELEASE.jar;C:\Users\DIASTOWO\.m2\repository\org\springframework\boot\spring-boot-starter-thymeleaf\2.0.0.RELEASE\spring-boot-starter-thymeleaf-2.0.0.RELEASE.jar;C:\Users\DIASTOWO\.m2\repository\org\thymeleaf\thymeleaf-spring5\3.0.9.RELEASE\thymeleaf-spring5-3.0.9.RELEASE.jar;C:\Users\DIASTOWO\.m2\repository\org\thymeleaf\thymeleaf\3.0.9.RELEASE\thymeleaf-3.0.9.RELEASE.jar;C:\Users\DIASTOWO\.m2\repository\org\attoparser\attoparser\2.0.4.RELEASE\attoparser-2.0.4.RELEASE.jar;C:\Users\DIASTOWO\.m2\repository\org\unbescape\unbescape\1.1.5.RELEASE\unbescape-1.1.5.RELEASE.jar;C:\Users\DIASTOWO\.m2\repository\org\thymeleaf\extras\thymeleaf-extras-java8time\3.0.1.RELEASE\thymeleaf-extras-java8time-3.0.1.RELEASE.jar;C:\Users\DIASTOWO\.m2\repository\org\springframework\boot\spring-boot-devtools\2.0.0.RELEASE\spring-boot-devtools-2.0.0.RELEASE.jar;C:\Users\DIASTOWO\.m2\repository\org\springframework\boot\spring-boot\2.0.0.RELEASE\spring-boot-2.0.0.RELEASE.jar;C:\Users\DIASTOWO\.m2\repository\org\springframework\boot\spring-boot-autoconfigure\2.0.0.RELEASE\spring-boot-autoconfigure-2.0.0.RELEASE.jar;C:\Users\DIASTOWO\.m2\repository\org\springframework\boot\spring-boot-starter-test\2.0.0.RELEASE\spring-boot-starter-test-2.0.0.RELEASE.jar;C:\Users\DIASTOWO\.m2\repository\org\springframework\boot\spring-boot-test\2.0.0.RELEASE\spring-boot-test-2.0.0.RELEASE.jar;C:\Users\DIASTOWO\.m2\repository\org\springframework\boot\spring-boot-test-autoconfigure\2.0.0.RELEASE\spring-boot-test-autoconfigure-2.0.0.RELEASE.jar;C:\Users\DIASTOWO\.m2\repository\com\jayway\jsonpath\json-path\2.4.0\json-path-2.4.0.jar;C:\Users\DIASTOWO\.m2\repository\net\minidev\json-smart\2.3\json-smart-2.3.jar;C:\Users\DIASTOWO\.m2\repository\net\minidev\accessors-smart\1.2\accessors-smart-1.2.jar;C:\Users\DIASTOWO\.m2\repository\junit\junit\4.12\junit-4.12.jar;C:\Users\DIASTOWO\.m2\repository\org\assertj\assertj-core\3.9.1\assertj-core-3.9.1.jar;C:\Users\DIASTOWO\.m2\repository\org\mockito\mockito-core\2.15.0\mockito-core-2.15.0.jar;C:\Users\DIASTOWO\.m2\repository\net\bytebuddy\byte-buddy\1.7.10\byte-buddy-1.7.10.jar;C:\Users\DIASTOWO\.m2\repository\net\bytebuddy\byte-buddy-agent\1.7.10\byte-buddy-agent-1.7.10.jar;C:\Users\DIASTOWO\.m2\repository\org\objenesis\objenesis\2.6\objenesis-2.6.jar;C:\Users\DIASTOWO\.m2\repository\org\hamcrest\hamcrest-core\1.3\hamcrest-core-1.3.jar;C:\Users\DIASTOWO\.m2\repository\org\hamcrest\hamcrest-library\1.3\hamcrest-library-1.3.jar;C:\Users\DIASTOWO\.m2\repository\org\skyscreamer\jsonassert\1.5.0\jsonassert-1.5.0.jar;C:\Users\DIASTOWO\.m2\repository\com\vaadin\external\google\android-json\0.0.20131108.vaadin1\android-json-0.0.20131108.vaadin1.jar;C:\Users\DIASTOWO\.m2\repository\org\springframework\spring-core\5.0.4.RELEASE\spring-core-5.0.4.RELEASE.jar;C:\Users\DIASTOWO\.m2\repository\org\springframework\spring-jcl\5.0.4.RELEASE\spring-jcl-5.0.4.RELEASE.jar;C:\Users\DIASTOWO\.m2\repository\org\springframework\spring-test\5.0.4.RELEASE\spring-test-5.0.4.RELEASE.jar;C:\Users\DIASTOWO\.m2\repository\org\xmlunit\xmlunit-core\2.5.1\xmlunit-core-2.5.1.jar;C:\Users\DIASTOWO\.m2\repository\org\springframework\boot\spring-boot-starter-jetty\2.0.0.RELEASE\spring-boot-starter-jetty-2.0.0.RELEASE.jar;C:\Users\DIASTOWO\.m2\repository\org\eclipse\jetty\jetty-servlets\9.4.11.v20180605\jetty-servlets-9.4.11.v20180605.jar;C:\Users\DIASTOWO\.m2\repository\org\eclipse\jetty\jetty-continuation\9.4.11.v20180605\jetty-continuation-9.4.11.v20180605.jar;C:\Users\DIASTOWO\.m2\repository\org\eclipse\jetty\jetty-http\9.4.11.v20180605\jetty-http-9.4.11.v20180605.jar;C:\Users\DIASTOWO\.m2\repository\org\eclipse\jetty\jetty-util\9.4.11.v20180605\jetty-util-9.4.11.v20180605.jar;C:\Users\DIASTOWO\.m2\repository\org\eclipse\jetty\jetty-io\9.4.11.v20180605\jetty-io-9.4.11.v20180605.jar;C:\Users\DIASTOWO\.m2\repository\org\eclipse\jetty\jetty-webapp\9.4.11.v20180605\jetty-webapp-9.4.11.v20180605.jar;C:\Users\DIASTOWO\.m2\repository\org\eclipse\jetty\jetty-xml\9.4.11.v20180605\jetty-xml-9.4.11.v20180605.jar;C:\Users\DIASTOWO\.m2\repository\org\eclipse\jetty\jetty-servlet\9.4.11.v20180605\jetty-servlet-9.4.11.v20180605.jar;C:\Users\DIASTOWO\.m2\repository\org\eclipse\jetty\jetty-security\9.4.11.v20180605\jetty-security-9.4.11.v20180605.jar;C:\Users\DIASTOWO\.m2\repository\org\eclipse\jetty\jetty-server\9.4.11.v20180605\jetty-server-9.4.11.v20180605.jar;C:\Users\DIASTOWO\.m2\repository\org\eclipse\jetty\websocket\websocket-server\9.4.11.v20180605\websocket-server-9.4.11.v20180605.jar;C:\Users\DIASTOWO\.m2\repository\org\eclipse\jetty\websocket\websocket-common\9.4.11.v20180605\websocket-common-9.4.11.v20180605.jar;C:\Users\DIASTOWO\.m2\repository\org\eclipse\jetty\websocket\websocket-api\9.4.11.v20180605\websocket-api-9.4.11.v20180605.jar;C:\Users\DIASTOWO\.m2\repository\org\eclipse\jetty\websocket\websocket-client\9.4.11.v20180605\websocket-client-9.4.11.v20180605.jar;C:\Users\DIASTOWO\.m2\repository\org\eclipse\jetty\jetty-client\9.4.11.v20180605\jetty-client-9.4.11.v20180605.jar;C:\Users\DIASTOWO\.m2\repository\org\eclipse\jetty\websocket\websocket-servlet\9.4.11.v20180605\websocket-servlet-9.4.11.v20180605.jar;C:\Users\DIASTOWO\.m2\repository\javax\servlet\javax.servlet-api\3.1.0\javax.servlet-api-3.1.0.jar;C:\Users\DIASTOWO\.m2\repository\org\eclipse\jetty\websocket\javax-websocket-server-impl\9.4.11.v20180605\javax-websocket-server-impl-9.4.11.v20180605.jar;C:\Users\DIASTOWO\.m2\repository\org\eclipse\jetty\jetty-annotations\9.4.11.v20180605\jetty-annotations-9.4.11.v20180605.jar;C:\Users\DIASTOWO\.m2\repository\org\eclipse\jetty\jetty-plus\9.4.11.v20180605\jetty-plus-9.4.11.v20180605.jar;C:\Users\DIASTOWO\.m2\repository\org\ow2\asm\asm\6.2\asm-6.2.jar;C:\Users\DIASTOWO\.m2\repository\org\ow2\asm\asm-commons\6.2\asm-commons-6.2.jar;C:\Users\DIASTOWO\.m2\repository\org\ow2\asm\asm-tree\6.2\asm-tree-6.2.jar;C:\Users\DIASTOWO\.m2\repository\org\ow2\asm\asm-analysis\6.2\asm-analysis-6.2.jar;C:\Users\DIASTOWO\.m2\repository\org\eclipse\jetty\websocket\javax-websocket-client-impl\9.4.11.v20180605\javax-websocket-client-impl-9.4.11.v20180605.jar;C:\Users\DIASTOWO\.m2\repository\javax\websocket\javax.websocket-api\1.0\javax.websocket-api-1.0.jar;C:\Users\DIASTOWO\.m2\repository\org\mortbay\jasper\apache-el\8.5.24.2\apache-el-8.5.24.2.jar;C:\Users\DIASTOWO\.m2\repository\com\zaxxer\HikariCP\2.7.8\HikariCP-2.7.8.jar;C:\Users\DIASTOWO\.m2\repository\org\slf4j\slf4j-api\1.7.25\slf4j-api-1.7.25.jar;C:\Users\DIASTOWO\.m2\repository\org\springframework\boot\spring-boot-starter-security\2.0.0.RELEASE\spring-boot-starter-security-2.0.0.RELEASE.jar;C:\Users\DIASTOWO\.m2\repository\org\springframework\spring-aop\5.0.4.RELEASE\spring-aop-5.0.4.RELEASE.jar;C:\Users\DIASTOWO\.m2\repository\org\springframework\security\spring-security-config\5.0.3.RELEASE\spring-security-config-5.0.3.RELEASE.jar;C:\Users\DIASTOWO\.m2\repository\org\springframework\security\spring-security-core\5.0.3.RELEASE\spring-security-core-5.0.3.RELEASE.jar;C:\Users\DIASTOWO\.m2\repository\org\springframework\security\spring-security-web\5.0.3.RELEASE\spring-security-web-5.0.3.RELEASE.jar;, user.name=DIASTOWO, java.vm.specification.version=1.8, sun.java.command=C:\Users\DIASTOWO\AppData\Local\Temp\surefire748427620291139594\surefirebooter3040261357985897295.jar C:\Users\DIASTOWO\AppData\Local\Temp\surefire748427620291139594 2018-08-09T17-35-02_901-jvmRun1 surefire6492146616515749336tmp surefire_07223570501765276636tmp, java.home=C:\Program Files\Java\jdk1.8.0_171\jre, sun.arch.data.model=64, user.language=en, java.specification.vendor=Oracle Corporation, awt.toolkit=sun.awt.windows.WToolkit, java.vm.info=mixed mode, java.version=1.8.0_171, java.ext.dirs=C:\Program Files\Java\jdk1.8.0_171\jre\lib\ext;C:\WINDOWS\Sun\Java\lib\ext, sun.boot.class.path=C:\Program Files\Java\jdk1.8.0_171\jre\lib\resources.jar;C:\Program Files\Java\jdk1.8.0_171\jre\lib\rt.jar;C:\Program Files\Java\jdk1.8.0_171\jre\lib\sunrsasign.jar;C:\Program Files\Java\jdk1.8.0_171\jre\lib\jsse.jar;C:\Program Files\Java\jdk1.8.0_171\jre\lib\jce.jar;C:\Program Files\Java\jdk1.8.0_171\jre\lib\charsets.jar;C:\Program Files\Java\jdk1.8.0_171\jre\lib\jfr.jar;C:\Program Files\Java\jdk1.8.0_171\jre\classes, java.vendor=Oracle Corporation, localRepository=C:\Users\DIASTOWO\.m2\repository, file.separator=\, java.vendor.url.bug=http://bugreport.sun.com/bugreport/, sun.io.unicode.encoding=UnicodeLittle, sun.cpu.endian=little, sun.desktop=windows, sun.cpu.isalist=amd64}}, SystemEnvironmentPropertySource@1365008457 {name='systemEnvironment', properties={PATH=C:\Program Files (x86)\Common Files\Oracle\Java\javapath;C:\Program Files (x86)\Intel\iCLS Client\;C:\Program Files\Intel\iCLS Client\;C:\Windows\system32;C:\Windows;C:\Windows\System32\Wbem;C:\Windows\System32\WindowsPowerShell\v1.0\;C:\Program Files (x86)\Intel\Intel(R) Management Engine Components\DAL;C:\Program Files\Intel\Intel(R) Management Engine Components\DAL;C:\Program Files (x86)\Intel\Intel(R) Management Engine Components\IPT;C:\Program Files\Intel\Intel(R) Management Engine Components\IPT;C:\Program Files (x86)\NVIDIA Corporation\PhysX\Common;C:\WINDOWS\system32;C:\WINDOWS;C:\WINDOWS\System32\Wbem;C:\WINDOWS\System32\WindowsPowerShell\v1.0\;C:\Program Files\Java\jdk1.8.0_171\\bin;C:\Program Files\Git\cmd;C:\Program Files\nodejs\;C:\Program Files\dotnet\;C:\Program Files\Maven\bin\;C:\Program Files\PostgreSQL\10\bin\;C:\Python27\;C:\Program Files (x86)\Windows Kits\8.1\Windows Performance Toolkit\;C:\Curl\AMD64\;C:\WINDOWS\System32\OpenSSH\;C:\Program Files\PostgreSQL\10\bin\;C:\PostgreSQL\pg10\bin;C:\Program Files\Java\jdk1.8.0_171\bin\;C:\Program Files (x86)\Microsoft SQL Server\140\Tools\Binn\;C:\Program Files (x86)\Microsoft SQL Server\Client SDK\ODBC\130\Tools\Binn\;C:\Program Files (x86)\Microsoft SQL Server\140\DTS\Binn\;C:\Program Files (x86)\Microsoft SQL Server\140\Tools\Binn\ManagementStudio\;C:\Program Files\Microsoft SQL Server\Client SDK\ODBC\130\Tools\Binn\;C:\Program Files\Microsoft SQL Server\140\Tools\Binn\;C:\Program Files\Microsoft SQL Server\140\DTS\Binn\;C:\Program Files\Intel\WiFi\bin\;C:\Program Files\Common Files\Intel\WirelessCommon\;C:\Ruby23\bin;C:\Users\DIASTOWO\AppData\Local\Microsoft\WindowsApps;C:\Users\DIASTOWO\AppData\Local\GitHubDesktop\bin;C:\Program Files\Heroku\bin;C:\Users\DIASTOWO\AppData\Roaming\npm;C:\Users\DIASTOWO\AppData\Local\Microsoft\WindowsApps;, USERDOMAIN_ROAMINGPROFILE=VI29-DIASTOWO, PROCESSOR_LEVEL=6, SYSTEMDRIVE=C:, VS140COMNTOOLS=C:\Program Files (x86)\Microsoft Visual Studio 14.0\Common7\Tools\, SESSIONNAME=Console, ALLUSERSPROFILE=C:\ProgramData, PROCESSOR_ARCHITECTURE=AMD64, DRIVERDATA=C:\Windows\System32\Drivers\DriverData, MAVEN_HOME=C:\Program Files\Maven\bin\.., PROGRAMFILES=C:\Program Files, MOZ_PLUGIN_PATH=C:\Program Files (x86)\Foxit Software\Foxit Reader\plugins\, PSMODULEPATH=C:\Program Files\WindowsPowerShell\Modules;C:\WINDOWS\system32\WindowsPowerShell\v1.0\Modules;C:\Program Files (x86)\Microsoft SQL Server\140\Tools\PowerShell\Modules\, PROGRAMDATA=C:\ProgramData, USERNAME=DIASTOWO, WDIR=C:\Users\DIASTOWO\Documents\STS\markethings-corp, FPS_BROWSER_USER_PROFILE_STRING=Default, ONEDRIVE=C:\Users\DIASTOWO\OneDrive, PATHEXT=.COM;.EXE;.BAT;.CMD;.VBS;.VBE;.JS;.JSE;.WSF;.WSH;.MSC;.RB;.RBW, CLASSWORLDS_JAR="C:\Program Files\Maven\bin\..\boot\plexus-classworlds-2.5.2.jar", WINDIR=C:\WINDOWS, HOMEPATH=\Users\DIASTOWO, PROCESSOR_IDENTIFIER=Intel64 Family 6 Model 142 Stepping 9, GenuineIntel, GYP_MSVS_VERSION=2015, PUBLIC=C:\Users\Public, =::=::\, =EXITCODE=00000001, OPENSSL_CONF=C:\OpenSSL-Win64\bin\openssl.cfg, LOCALAPPDATA=C:\Users\DIASTOWO\AppData\Local, COMMONPROGRAMFILES(X86)=C:\Program Files (x86)\Common Files, USERDOMAIN=VI29-DIASTOWO, FPS_BROWSER_APP_PROFILE_STRING=Internet Explorer, LOGONSERVER=\\VI29-DIASTOWO, JAVA_HOME=C:\Program Files\Java\jdk1.8.0_171\, PROMPT=$P$G, PROGRAMFILES(X86)=C:\Program Files (x86), ERROR_CODE=0, EXEC_DIR=C:\Users\DIASTOWO\Documents\STS\markethings-corp, =C:=C:\Users\DIASTOWO\Documents\STS\markethings-corp, APPDATA=C:\Users\DIASTOWO\AppData\Roaming, PROGRAMW6432=C:\Program Files, SYSTEMROOT=C:\WINDOWS, MAVEN_CMD_LINE_ARGS=package, SSL_CERT_FILE=C:\RailsInstaller\cacert.pem, OS=Windows_NT, COMMONPROGRAMW6432=C:\Program Files\Common Files, COMPUTERNAME=VI29-DIASTOWO, COMMONPROGRAMFILES=C:\Program Files\Common Files, COMSPEC=C:\WINDOWS\system32\cmd.exe, JAVACMD=C:\Program Files\Java\jdk1.8.0_171\\bin\java.exe, MAVEN_PROJECTBASEDIR=C:\Users\DIASTOWO\Documents\STS\markethings-corp, PROCESSOR_REVISION=8e09, CLASSWORLDS_LAUNCHER=org.codehaus.plexus.classworlds.launcher.Launcher, TEMP=C:\Users\DIASTOWO\AppData\Local\Temp, HOMEDRIVE=C:, USERPROFILE=C:\Users\DIASTOWO, TMP=C:\Users\DIASTOWO\AppData\Local\Temp, NUMBER_OF_PROCESSORS=4, JVMCONFIG=\.mvn\jvm.config}}]
17:35:04.681 [main] DEBUG org.springframework.test.context.support.TestPropertySourceUtils - Adding inlined properties to environment: {spring.jmx.enabled=false, org.springframework.boot.test.autoconfigure.web.servlet.WebMvcTestContextBootstrapper=true, server.port=-1}
17:35:04.681 [main] DEBUG org.springframework.core.env.StandardEnvironment - Adding PropertySource 'Inlined Test Properties' with highest search precedence

  .   ____          _            __ _ _
 /\\ / ___'_ __ _ _(_)_ __  __ _ \ \ \ \
( ( )\___ | '_ | '_| | '_ \/ _` | \ \ \ \
 \\/  ___)| |_)| | | | | || (_| |  ) ) ) )
  '  |____| .__|_| |_|_| |_\__, | / / / /
 =========|_|==============|___/=/_/_/_/
 :: Spring Boot ::        (v2.0.0.RELEASE)

2018-08-09 17:35:05.272  INFO 11216 --- [           main] hello.ApplicationTest                    : Starting ApplicationTest on VI29-Diastowo with PID 11216 (started by DIASTOWO in C:\Users\DIASTOWO\Documents\STS\markethings-corp)
2018-08-09 17:35:05.274  INFO 11216 --- [           main] hello.ApplicationTest                    : No active profile set, falling back to default profiles: default
2018-08-09 17:35:05.323  INFO 11216 --- [           main] o.s.w.c.s.GenericWebApplicationContext   : Refreshing org.springframework.web.context.support.GenericWebApplicationContext@20bd8be5: startup date [Thu Aug 09 17:35:05 ICT 2018]; root of context hierarchy
2018-08-09 17:35:07.743  INFO 11216 --- [           main] s.w.s.m.m.a.RequestMappingHandlerAdapter : Looking for @ControllerAdvice: org.springframework.web.context.support.GenericWebApplicationContext@20bd8be5: startup date [Thu Aug 09 17:35:05 ICT 2018]; root of context hierarchy
2018-08-09 17:35:07.932  INFO 11216 --- [           main] s.w.s.m.m.a.RequestMappingHandlerMapping : Mapped "{[/greeting],methods=[GET]}" onto public java.lang.String hello.controller.GreetingController.greeting(java.lang.String,org.springframework.ui.Model)
2018-08-09 17:35:07.937  INFO 11216 --- [           main] s.w.s.m.m.a.RequestMappingHandlerMapping : Mapped "{[/error]}" onto public org.springframework.http.ResponseEntity<java.util.Map<java.lang.String, java.lang.Object>> org.springframework.boot.autoconfigure.web.servlet.error.BasicErrorController.error(javax.servlet.http.HttpServletRequest)
2018-08-09 17:35:07.941  INFO 11216 --- [           main] s.w.s.m.m.a.RequestMappingHandlerMapping : Mapped "{[/error],produces=[text/html]}" onto public org.springframework.web.servlet.ModelAndView org.springframework.boot.autoconfigure.web.servlet.error.BasicErrorController.errorHtml(javax.servlet.http.HttpServletRequest,javax.servlet.http.HttpServletResponse)
2018-08-09 17:35:08.044  INFO 11216 --- [           main] o.s.w.s.handler.SimpleUrlHandlerMapping  : Mapped URL path [/webjars/**] onto handler of type [class org.springframework.web.servlet.resource.ResourceHttpRequestHandler]
2018-08-09 17:35:08.044  INFO 11216 --- [           main] o.s.w.s.handler.SimpleUrlHandlerMapping  : Mapped URL path [/**] onto handler of type [class org.springframework.web.servlet.resource.ResourceHttpRequestHandler]
2018-08-09 17:35:08.145  INFO 11216 --- [           main] o.s.w.s.handler.SimpleUrlHandlerMapping  : Mapped URL path [/**/favicon.ico] onto handler of type [class org.springframework.web.servlet.resource.ResourceHttpRequestHandler]
2018-08-09 17:35:08.363  INFO 11216 --- [           main] o.s.b.a.w.s.WelcomePageHandlerMapping    : Adding welcome page: class path resource [static/index.html]
2018-08-09 17:35:09.090  INFO 11216 --- [           main] .s.s.UserDetailsServiceAutoConfiguration : 

Using generated security password: f215727a-6426-4fc1-b1cb-608b5e97e764

2018-08-09 17:35:09.599  INFO 11216 --- [           main] o.s.s.web.DefaultSecurityFilterChain     : Creating filter chain: org.springframework.security.web.util.matcher.AnyRequestMatcher@1, [org.springframework.security.web.context.request.async.WebAsyncManagerIntegrationFilter@46d9aec8, org.springframework.security.web.context.SecurityContextPersistenceFilter@7d37f1c, org.springframework.security.web.header.HeaderWriterFilter@68dcfd52, org.springframework.security.web.csrf.CsrfFilter@528f8f8b, org.springframework.security.web.authentication.logout.LogoutFilter@1f966492, org.springframework.security.web.authentication.UsernamePasswordAuthenticationFilter@6ee8dcd3, org.springframework.security.web.authentication.ui.DefaultLoginPageGeneratingFilter@5e1218b4, org.springframework.security.web.authentication.www.BasicAuthenticationFilter@1cc9cfb2, org.springframework.security.web.savedrequest.RequestCacheAwareFilter@3162743f, org.springframework.security.web.servletapi.SecurityContextHolderAwareRequestFilter@655523dd, org.springframework.security.web.authentication.AnonymousAuthenticationFilter@14379273, org.springframework.security.web.session.SessionManagementFilter@5177e388, org.springframework.security.web.access.ExceptionTranslationFilter@369c9bb, org.springframework.security.web.access.intercept.FilterSecurityInterceptor@dcc6211]
2018-08-09 17:35:09.672  INFO 11216 --- [           main] o.s.b.t.m.w.SpringBootMockServletContext : Initializing Spring FrameworkServlet ''
2018-08-09 17:35:09.673  INFO 11216 --- [           main] o.s.t.web.servlet.TestDispatcherServlet  : FrameworkServlet '': initialization started
2018-08-09 17:35:09.708  INFO 11216 --- [           main] o.s.t.web.servlet.TestDispatcherServlet  : FrameworkServlet '': initialization completed in 35 ms
2018-08-09 17:35:09.839  INFO 11216 --- [           main] hello.ApplicationTest                    : Started ApplicationTest in 5.123 seconds (JVM running for 6.523)

MockHttpServletRequest:
      HTTP Method = GET
      Request URI = /index.html
       Parameters = {}
          Headers = {}
             Body = <no character encoding set>
    Session Attrs = {SPRING_SECURITY_SAVED_REQUEST=DefaultSavedRequest[http://localhost/index.html]}

Handler:
             Type = null

Async:
    Async started = false
     Async result = null

Resolved Exception:
             Type = null

ModelAndView:
        View name = null
             View = null
            Model = null

FlashMap:
       Attributes = null

MockHttpServletResponse:
           Status = 302
    Error message = null
          Headers = {X-Content-Type-Options=[nosniff], X-XSS-Protection=[1; mode=block], Cache-Control=[no-cache, no-store, max-age=0, must-revalidate], Pragma=[no-cache], Expires=[0], X-Frame-Options=[DENY], Location=[http://localhost/login]}
     Content type = null
             Body = 
    Forwarded URL = null
   Redirected URL = http://localhost/login
          Cookies = []
]]></system-out>
  </testcase>
  <testcase name="greetingWithUser" classname="hello.ApplicationTest" time="0.061">
    <failure message="Response content&#10;Expected: a string containing &quot;Hello, Greg!&quot;&#10;     but: was &quot;&quot;" type="java.lang.AssertionError">java.lang.AssertionError: 
Response content
Expected: a string containing "Hello, Greg!"
     but: was ""
	at hello.ApplicationTest.greetingWithUser(ApplicationTest.java:55)
</failure>
    <system-out><![CDATA[
MockHttpServletRequest:
      HTTP Method = GET
      Request URI = /index.html
       Parameters = {}
          Headers = {}
             Body = <no character encoding set>
    Session Attrs = {SPRING_SECURITY_SAVED_REQUEST=DefaultSavedRequest[http://localhost/index.html]}

Handler:
             Type = null

Async:
    Async started = false
     Async result = null

Resolved Exception:
             Type = null

ModelAndView:
        View name = null
             View = null
            Model = null

FlashMap:
       Attributes = null

MockHttpServletResponse:
           Status = 302
    Error message = null
          Headers = {X-Content-Type-Options=[nosniff], X-XSS-Protection=[1; mode=block], Cache-Control=[no-cache, no-store, max-age=0, must-revalidate], Pragma=[no-cache], Expires=[0], X-Frame-Options=[DENY], Location=[http://localhost/login]}
     Content type = null
             Body = 
    Forwarded URL = null
   Redirected URL = http://localhost/login
          Cookies = []

MockHttpServletRequest:
      HTTP Method = GET
      Request URI = /greeting
       Parameters = {name=[Greg]}
          Headers = {}
             Body = <no character encoding set>
    Session Attrs = {SPRING_SECURITY_SAVED_REQUEST=DefaultSavedRequest[http://localhost/greeting]}

Handler:
             Type = null

Async:
    Async started = false
     Async result = null

Resolved Exception:
             Type = null

ModelAndView:
        View name = null
             View = null
            Model = null

FlashMap:
       Attributes = null

MockHttpServletResponse:
           Status = 302
    Error message = null
          Headers = {X-Content-Type-Options=[nosniff], X-XSS-Protection=[1; mode=block], Cache-Control=[no-cache, no-store, max-age=0, must-revalidate], Pragma=[no-cache], Expires=[0], X-Frame-Options=[DENY], Location=[http://localhost/login]}
     Content type = null
             Body = 
    Forwarded URL = null
   Redirected URL = http://localhost/login
          Cookies = []
]]></system-out>
  </testcase>
  <testcase name="greeting" classname="hello.ApplicationTest" time="0.084">
    <failure message="Response content&#10;Expected: a string containing &quot;Hello, World!&quot;&#10;     but: was &quot;&quot;" type="java.lang.AssertionError">java.lang.AssertionError: 
Response content
Expected: a string containing "Hello, World!"
     but: was ""
	at hello.ApplicationTest.greeting(ApplicationTest.java:49)
</failure>
    <system-out><![CDATA[
MockHttpServletRequest:
      HTTP Method = GET
      Request URI = /index.html
       Parameters = {}
          Headers = {}
             Body = <no character encoding set>
    Session Attrs = {SPRING_SECURITY_SAVED_REQUEST=DefaultSavedRequest[http://localhost/index.html]}

Handler:
             Type = null

Async:
    Async started = false
     Async result = null

Resolved Exception:
             Type = null

ModelAndView:
        View name = null
             View = null
            Model = null

FlashMap:
       Attributes = null

MockHttpServletResponse:
           Status = 302
    Error message = null
          Headers = {X-Content-Type-Options=[nosniff], X-XSS-Protection=[1; mode=block], Cache-Control=[no-cache, no-store, max-age=0, must-revalidate], Pragma=[no-cache], Expires=[0], X-Frame-Options=[DENY], Location=[http://localhost/login]}
     Content type = null
             Body = 
    Forwarded URL = null
   Redirected URL = http://localhost/login
          Cookies = []

MockHttpServletRequest:
      HTTP Method = GET
      Request URI = /greeting
       Parameters = {name=[Greg]}
          Headers = {}
             Body = <no character encoding set>
    Session Attrs = {SPRING_SECURITY_SAVED_REQUEST=DefaultSavedRequest[http://localhost/greeting]}

Handler:
             Type = null

Async:
    Async started = false
     Async result = null

Resolved Exception:
             Type = null

ModelAndView:
        View name = null
             View = null
            Model = null

FlashMap:
       Attributes = null

MockHttpServletResponse:
           Status = 302
    Error message = null
          Headers = {X-Content-Type-Options=[nosniff], X-XSS-Protection=[1; mode=block], Cache-Control=[no-cache, no-store, max-age=0, must-revalidate], Pragma=[no-cache], Expires=[0], X-Frame-Options=[DENY], Location=[http://localhost/login]}
     Content type = null
             Body = 
    Forwarded URL = null
   Redirected URL = http://localhost/login
          Cookies = []

MockHttpServletRequest:
      HTTP Method = GET
      Request URI = /greeting
       Parameters = {}
          Headers = {}
             Body = <no character encoding set>
    Session Attrs = {SPRING_SECURITY_SAVED_REQUEST=DefaultSavedRequest[http://localhost/greeting]}

Handler:
             Type = null

Async:
    Async started = false
     Async result = null

Resolved Exception:
             Type = null

ModelAndView:
        View name = null
             View = null
            Model = null

FlashMap:
       Attributes = null

MockHttpServletResponse:
           Status = 302
    Error message = null
          Headers = {X-Content-Type-Options=[nosniff], X-XSS-Protection=[1; mode=block], Cache-Control=[no-cache, no-store, max-age=0, must-revalidate], Pragma=[no-cache], Expires=[0], X-Frame-Options=[DENY], Location=[http://localhost/login]}
     Content type = null
             Body = 
    Forwarded URL = null
   Redirected URL = http://localhost/login
          Cookies = []
]]></system-out>
  </testcase>
</testsuite>